<?xml version="1.0" encoding="UTF-8"?>
<TestRun id="a0e97119-422a-45c5-b1f4-ddb43659c85b" name="Martin@MARTIN-W7 2011-12-09 18:18:48" runUser="Martin-W7\Martin" xmlns="http://microsoft.com/schemas/VisualStudio/TeamTest/2010">
  <TestSettings name="Local" id="10f11fbf-a532-4800-8c59-53b7c9bfdb52">
    <Description>Esta es la configuración de pruebas predeterminada para una ejecución de pruebas local.</Description>
    <Deployment enabled="false" runDeploymentRoot="Martin_MARTIN-W7 2011-12-09 18_18_48">
      <DeploymentItem filename="C:\Users\Martin\Proyectos\CheckIn Turnos\db -Turnos\bin\Debug\db -Turnos.dll" />
    </Deployment>
    <Execution>
      <TestTypeSpecific />
      <AgentRule name="Execution Agents">
      </AgentRule>
    </Execution>
  </TestSettings>
  <Times creation="2011-12-09T18:18:48.8436262-03:00" queuing="2011-12-09T18:19:02.6194141-03:00" start="2011-12-09T18:19:02.6614165-03:00" finish="2011-12-09T18:19:04.9765489-03:00" />
  <ResultSummary outcome="Failed">
    <Counters total="5" executed="5" passed="2" error="0" failed="3" timeout="0" aborted="0" inconclusive="0" passedButRunAborted="0" notRunnable="0" notExecuted="0" disconnected="0" warning="0" completed="0" inProgress="0" pending="0" />
  </ResultSummary>
  <TestDefinitions>
    <UnitTest name="AbrirTurnoTest" storage="c:\users\martin\proyectos\checkin turnos\dbturnos test\bin\debug\dbturnos test.dll" id="2d363802-f4a1-6709-a5e4-7c1da0e19126">
      <Execution id="d5470b88-73c7-43cb-9bcb-0f13fdb9f5b4" />
      <TestMethod codeBase="C:/Users/Martin/Proyectos/CheckIn Turnos/dbTurnos Test/bin/Debug/dbTurnos Test.DLL" adapterTypeName="Microsoft.VisualStudio.TestTools.TestTypes.Unit.UnitTestAdapter, Microsoft.VisualStudio.QualityTools.Tips.UnitTest.Adapter, Version=10.0.0.0, Culture=neutral, PublicKeyToken=b03f5f7f11d50a3a" className="dbTurnos_Test.InterfazDbTest, dbTurnos Test, Version=1.0.0.0, Culture=neutral, PublicKeyToken=null" name="AbrirTurnoTest" />
    </UnitTest>
    <UnitTest name="CerrarTurnoTest" storage="c:\users\martin\proyectos\checkin turnos\dbturnos test\bin\debug\dbturnos test.dll" id="768c2340-e2d3-8168-2e0d-e1eb9fbd10ff">
      <Execution id="ddd71d5b-9fd5-4435-8764-e5b051d89512" />
      <TestMethod codeBase="C:/Users/Martin/Proyectos/CheckIn Turnos/dbTurnos Test/bin/Debug/dbTurnos Test.DLL" adapterTypeName="Microsoft.VisualStudio.TestTools.TestTypes.Unit.UnitTestAdapter, Microsoft.VisualStudio.QualityTools.Tips.UnitTest.Adapter, Version=10.0.0.0, Culture=neutral, PublicKeyToken=b03f5f7f11d50a3a" className="dbTurnos_Test.InterfazDbTest, dbTurnos Test, Version=1.0.0.0, Culture=neutral, PublicKeyToken=null" name="CerrarTurnoTest" />
    </UnitTest>
    <UnitTest name="getTurnosAbiertosTest" storage="c:\users\martin\proyectos\checkin turnos\dbturnos test\bin\debug\dbturnos test.dll" id="1fd7d583-cce7-d201-3f05-dbb6df64a21c">
      <Execution id="eee4299f-574d-4a03-b5ee-555e6e37b90d" />
      <TestMethod codeBase="C:/Users/Martin/Proyectos/CheckIn Turnos/dbTurnos Test/bin/Debug/dbTurnos Test.DLL" adapterTypeName="Microsoft.VisualStudio.TestTools.TestTypes.Unit.UnitTestAdapter, Microsoft.VisualStudio.QualityTools.Tips.UnitTest.Adapter, Version=10.0.0.0, Culture=neutral, PublicKeyToken=b03f5f7f11d50a3a" className="dbTurnos_Test.InterfazDbTest, dbTurnos Test, Version=1.0.0.0, Culture=neutral, PublicKeyToken=null" name="getTurnosAbiertosTest" />
    </UnitTest>
    <UnitTest name="CambiarContraseñaTest" storage="c:\users\martin\proyectos\checkin turnos\dbturnos test\bin\debug\dbturnos test.dll" id="0befebb5-7ef8-4daa-1eaa-9dd9bf1053f2">
      <Execution id="b1733303-1d61-4db4-87ba-a7893f9c35a8" />
      <TestMethod codeBase="C:/Users/Martin/Proyectos/CheckIn Turnos/dbTurnos Test/bin/Debug/dbTurnos Test.DLL" adapterTypeName="Microsoft.VisualStudio.TestTools.TestTypes.Unit.UnitTestAdapter, Microsoft.VisualStudio.QualityTools.Tips.UnitTest.Adapter, Version=10.0.0.0, Culture=neutral, PublicKeyToken=b03f5f7f11d50a3a" className="dbTurnos_Test.InterfazDbTest, dbTurnos Test, Version=1.0.0.0, Culture=neutral, PublicKeyToken=null" name="CambiarContraseñaTest" />
    </UnitTest>
    <UnitTest name="IdentificarTest" storage="c:\users\martin\proyectos\checkin turnos\dbturnos test\bin\debug\dbturnos test.dll" id="5fecd3b2-f296-46a9-3876-9fa64c10c32c">
      <Execution id="34f56ba7-dc06-4650-a0fd-0dfe1ab93782" />
      <TestMethod codeBase="C:/Users/Martin/Proyectos/CheckIn Turnos/dbTurnos Test/bin/Debug/dbTurnos Test.DLL" adapterTypeName="Microsoft.VisualStudio.TestTools.TestTypes.Unit.UnitTestAdapter, Microsoft.VisualStudio.QualityTools.Tips.UnitTest.Adapter, Version=10.0.0.0, Culture=neutral, PublicKeyToken=b03f5f7f11d50a3a" className="dbTurnos_Test.InterfazDbTest, dbTurnos Test, Version=1.0.0.0, Culture=neutral, PublicKeyToken=null" name="IdentificarTest" />
    </UnitTest>
  </TestDefinitions>
  <TestLists>
    <TestList name="Resultados que no están en la lista" id="8c84fa94-04c1-424b-9868-57a2d4851a1d" />
    <TestList name="Todos los resultados cargados" id="19431567-8539-422a-85d7-44ee4e166bda" />
  </TestLists>
  <TestEntries>
    <TestEntry testId="0befebb5-7ef8-4daa-1eaa-9dd9bf1053f2" executionId="b1733303-1d61-4db4-87ba-a7893f9c35a8" testListId="8c84fa94-04c1-424b-9868-57a2d4851a1d" />
    <TestEntry testId="1fd7d583-cce7-d201-3f05-dbb6df64a21c" executionId="eee4299f-574d-4a03-b5ee-555e6e37b90d" testListId="8c84fa94-04c1-424b-9868-57a2d4851a1d" />
    <TestEntry testId="2d363802-f4a1-6709-a5e4-7c1da0e19126" executionId="d5470b88-73c7-43cb-9bcb-0f13fdb9f5b4" testListId="8c84fa94-04c1-424b-9868-57a2d4851a1d" />
    <TestEntry testId="5fecd3b2-f296-46a9-3876-9fa64c10c32c" executionId="34f56ba7-dc06-4650-a0fd-0dfe1ab93782" testListId="8c84fa94-04c1-424b-9868-57a2d4851a1d" />
    <TestEntry testId="768c2340-e2d3-8168-2e0d-e1eb9fbd10ff" executionId="ddd71d5b-9fd5-4435-8764-e5b051d89512" testListId="8c84fa94-04c1-424b-9868-57a2d4851a1d" />
  </TestEntries>
  <Results>
    <UnitTestResult executionId="b1733303-1d61-4db4-87ba-a7893f9c35a8" testId="0befebb5-7ef8-4daa-1eaa-9dd9bf1053f2" testName="CambiarContraseñaTest" computerName="MARTIN-W7" duration="00:00:00.3400892" startTime="2011-12-09T18:19:02.6624166-03:00" endTime="2011-12-09T18:19:03.3044533-03:00" testType="13cdc9d9-ddb5-4fa4-a97d-d965ccfc6d4b" outcome="Passed" testListId="8c84fa94-04c1-424b-9868-57a2d4851a1d" relativeResultsDirectory="b1733303-1d61-4db4-87ba-a7893f9c35a8">
    </UnitTestResult>
    <UnitTestResult executionId="eee4299f-574d-4a03-b5ee-555e6e37b90d" testId="1fd7d583-cce7-d201-3f05-dbb6df64a21c" testName="getTurnosAbiertosTest" computerName="MARTIN-W7" duration="00:00:00.1613430" startTime="2011-12-09T18:19:03.3054533-03:00" endTime="2011-12-09T18:19:03.4714628-03:00" testType="13cdc9d9-ddb5-4fa4-a97d-d965ccfc6d4b" outcome="Failed" testListId="8c84fa94-04c1-424b-9868-57a2d4851a1d" relativeResultsDirectory="eee4299f-574d-4a03-b5ee-555e6e37b90d">
      <Output>
        <ErrorInfo>
          <Message>Error de Assert.AreEqual. Se esperaba &lt;(null)&gt;, pero es &lt;&gt;. </Message>
          <StackTrace>   en dbTurnos_Test.InterfazDbTest.getTurnosAbiertosTest() en C:\Users\Martin\Proyectos\CheckIn Turnos\dbTurnos Test\InterfazDbTest.cs:línea 78
</StackTrace>
        </ErrorInfo>
      </Output>
    </UnitTestResult>
    <UnitTestResult executionId="d5470b88-73c7-43cb-9bcb-0f13fdb9f5b4" testId="2d363802-f4a1-6709-a5e4-7c1da0e19126" testName="AbrirTurnoTest" computerName="MARTIN-W7" duration="00:00:00.6543107" startTime="2011-12-09T18:19:03.4734629-03:00" endTime="2011-12-09T18:19:04.1345008-03:00" testType="13cdc9d9-ddb5-4fa4-a97d-d965ccfc6d4b" outcome="Failed" testListId="8c84fa94-04c1-424b-9868-57a2d4851a1d" relativeResultsDirectory="d5470b88-73c7-43cb-9bcb-0f13fdb9f5b4">
      <Output>
        <ErrorInfo>
          <Message>El método de prueba dbTurnos_Test.InterfazDbTest.AbrirTurnoTest produjo la excepción: 
System.Data.OleDb.OleDbException: No coinciden los tipos de datos en la expresión de criterios.</Message>
          <StackTrace>    en dbTurnos.DataSQL.AutoGeneratedDataTable.Refrescar() en C:\Users\Martin\Proyectos\CheckIn Turnos\db -Turnos\AutoGeneratedDataTable.cs:línea 37
   en dbTurnos_Test.InterfazDbTest.AbrirTurnoTest() en C:\Users\Martin\Proyectos\CheckIn Turnos\dbTurnos Test\InterfazDbTest.cs:línea 125
</StackTrace>
        </ErrorInfo>
      </Output>
    </UnitTestResult>
    <UnitTestResult executionId="34f56ba7-dc06-4650-a0fd-0dfe1ab93782" testId="5fecd3b2-f296-46a9-3876-9fa64c10c32c" testName="IdentificarTest" computerName="MARTIN-W7" duration="00:00:00.1486407" startTime="2011-12-09T18:19:04.1415012-03:00" endTime="2011-12-09T18:19:04.2965100-03:00" testType="13cdc9d9-ddb5-4fa4-a97d-d965ccfc6d4b" outcome="Passed" testListId="8c84fa94-04c1-424b-9868-57a2d4851a1d" relativeResultsDirectory="34f56ba7-dc06-4650-a0fd-0dfe1ab93782">
    </UnitTestResult>
    <UnitTestResult executionId="ddd71d5b-9fd5-4435-8764-e5b051d89512" testId="768c2340-e2d3-8168-2e0d-e1eb9fbd10ff" testName="CerrarTurnoTest" computerName="MARTIN-W7" duration="00:00:00.1481013" startTime="2011-12-09T18:19:04.3045105-03:00" endTime="2011-12-09T18:19:04.4575192-03:00" testType="13cdc9d9-ddb5-4fa4-a97d-d965ccfc6d4b" outcome="Failed" testListId="8c84fa94-04c1-424b-9868-57a2d4851a1d" relativeResultsDirectory="ddd71d5b-9fd5-4435-8764-e5b051d89512">
      <Output>
        <ErrorInfo>
          <Message>El método de prueba dbTurnos_Test.InterfazDbTest.CerrarTurnoTest produjo la excepción: 
System.Data.OleDb.OleDbException: Error de sintaxis (coma) en la expresión de consulta 'fechaInicio = '20100101', fechaFin is Null, idUsuario = 1'.</Message>
          <StackTrace>    en dbTurnos.DataSQL.AutoGeneratedDataTable.Refrescar() en C:\Users\Martin\Proyectos\CheckIn Turnos\db -Turnos\AutoGeneratedDataTable.cs:línea 37
   en dbTurnos.DataSQL.AutoGeneratedDataTable..ctor(String consulta) en C:\Users\Martin\Proyectos\CheckIn Turnos\db -Turnos\AutoGeneratedDataTable.cs:línea 22
   en dbTurnos_Test.InterfazDbTest.CerrarTurnoTest() en C:\Users\Martin\Proyectos\CheckIn Turnos\dbTurnos Test\InterfazDbTest.cs:línea 138
</StackTrace>
        </ErrorInfo>
      </Output>
    </UnitTestResult>
  </Results>
</TestRun>