<?xml version="1.0" encoding="UTF-8"?>
<TestRun id="632b6f3d-0ac4-48b2-b522-9b5318365116" name="Martin@MARTIN-W7 2011-12-11 17:48:53" runUser="Martin-W7\Martin" xmlns="http://microsoft.com/schemas/VisualStudio/TeamTest/2010">
  <TestSettings name="Local" id="10f11fbf-a532-4800-8c59-53b7c9bfdb52">
    <Description>Esta es la configuración de pruebas predeterminada para una ejecución de pruebas local.</Description>
    <Deployment enabled="false" runDeploymentRoot="Martin_MARTIN-W7 2011-12-11 17_48_53">
      <DeploymentItem filename="C:\Users\Martin\Proyectos\CheckIn Turnos\db -Turnos\bin\Debug\db -Turnos.dll" />
    </Deployment>
    <Execution>
      <TestTypeSpecific />
      <AgentRule name="Execution Agents">
      </AgentRule>
    </Execution>
  </TestSettings>
  <Times creation="2011-12-11T17:48:53.6512185-03:00" queuing="2011-12-11T17:48:53.6772200-03:00" start="2011-12-11T17:48:53.6912208-03:00" finish="2011-12-11T17:49:02.6007304-03:00" />
  <ResultSummary outcome="Completed">
    <Counters total="8" executed="8" passed="8" error="0" failed="0" timeout="0" aborted="0" inconclusive="0" passedButRunAborted="0" notRunnable="0" notExecuted="0" disconnected="0" warning="0" completed="0" inProgress="0" pending="0" />
  </ResultSummary>
  <TestDefinitions>
    <UnitTest name="CerrarTurnoTestSinTurnoAbierto" storage="c:\users\martin\proyectos\checkin turnos\dbturnos test\bin\debug\dbturnos test.dll" id="eec8d396-a7a0-156d-8edc-4e9e8f3084c5">
      <Execution id="e9e49ebe-d1de-496e-bc51-e008ee121571" />
      <TestMethod codeBase="C:/Users/Martin/Proyectos/CheckIn Turnos/dbTurnos Test/bin/Debug/dbTurnos Test.DLL" adapterTypeName="Microsoft.VisualStudio.TestTools.TestTypes.Unit.UnitTestAdapter, Microsoft.VisualStudio.QualityTools.Tips.UnitTest.Adapter, Version=10.0.0.0, Culture=neutral, PublicKeyToken=b03f5f7f11d50a3a" className="dbTurnos_Test.InterfazDbTest, dbTurnos Test, Version=1.0.0.0, Culture=neutral, PublicKeyToken=null" name="CerrarTurnoTestSinTurnoAbierto" />
    </UnitTest>
    <UnitTest name="AbrirTurnoTestConUnoYaAbierto" storage="c:\users\martin\proyectos\checkin turnos\dbturnos test\bin\debug\dbturnos test.dll" id="16b2fd6e-85b7-9089-7db0-95a134403942">
      <Execution id="527903c9-9974-46e8-adbb-798098ee4821" />
      <TestMethod codeBase="C:/Users/Martin/Proyectos/CheckIn Turnos/dbTurnos Test/bin/Debug/dbTurnos Test.DLL" adapterTypeName="Microsoft.VisualStudio.TestTools.TestTypes.Unit.UnitTestAdapter, Microsoft.VisualStudio.QualityTools.Tips.UnitTest.Adapter, Version=10.0.0.0, Culture=neutral, PublicKeyToken=b03f5f7f11d50a3a" className="dbTurnos_Test.InterfazDbTest, dbTurnos Test, Version=1.0.0.0, Culture=neutral, PublicKeyToken=null" name="AbrirTurnoTestConUnoYaAbierto" />
    </UnitTest>
    <UnitTest name="IdentificarFallaParUsuarioContraseñaTest" storage="c:\users\martin\proyectos\checkin turnos\dbturnos test\bin\debug\dbturnos test.dll" id="17847006-8c7c-7180-aaae-d757e42f71ba">
      <Execution id="ea5e6b47-17ac-44e0-b532-3ebf82764313" />
      <TestMethod codeBase="C:/Users/Martin/Proyectos/CheckIn Turnos/dbTurnos Test/bin/Debug/dbTurnos Test.DLL" adapterTypeName="Microsoft.VisualStudio.TestTools.TestTypes.Unit.UnitTestAdapter, Microsoft.VisualStudio.QualityTools.Tips.UnitTest.Adapter, Version=10.0.0.0, Culture=neutral, PublicKeyToken=b03f5f7f11d50a3a" className="dbTurnos_Test.InterfazDbTest, dbTurnos Test, Version=1.0.0.0, Culture=neutral, PublicKeyToken=null" name="IdentificarFallaParUsuarioContraseñaTest" />
    </UnitTest>
    <UnitTest name="CerrarTurnoTest" storage="c:\users\martin\proyectos\checkin turnos\dbturnos test\bin\debug\dbturnos test.dll" id="768c2340-e2d3-8168-2e0d-e1eb9fbd10ff">
      <Execution id="1befdcc2-ce07-4dc4-a3c3-fc4de3256896" />
      <TestMethod codeBase="C:/Users/Martin/Proyectos/CheckIn Turnos/dbTurnos Test/bin/Debug/dbTurnos Test.DLL" adapterTypeName="Microsoft.VisualStudio.TestTools.TestTypes.Unit.UnitTestAdapter, Microsoft.VisualStudio.QualityTools.Tips.UnitTest.Adapter, Version=10.0.0.0, Culture=neutral, PublicKeyToken=b03f5f7f11d50a3a" className="dbTurnos_Test.InterfazDbTest, dbTurnos Test, Version=1.0.0.0, Culture=neutral, PublicKeyToken=null" name="CerrarTurnoTest" />
    </UnitTest>
    <UnitTest name="AbrirTurnoTest" storage="c:\users\martin\proyectos\checkin turnos\dbturnos test\bin\debug\dbturnos test.dll" id="2d363802-f4a1-6709-a5e4-7c1da0e19126">
      <Execution id="46d79f06-4b65-45ca-8515-276b2ce5fb5b" />
      <TestMethod codeBase="C:/Users/Martin/Proyectos/CheckIn Turnos/dbTurnos Test/bin/Debug/dbTurnos Test.DLL" adapterTypeName="Microsoft.VisualStudio.TestTools.TestTypes.Unit.UnitTestAdapter, Microsoft.VisualStudio.QualityTools.Tips.UnitTest.Adapter, Version=10.0.0.0, Culture=neutral, PublicKeyToken=b03f5f7f11d50a3a" className="dbTurnos_Test.InterfazDbTest, dbTurnos Test, Version=1.0.0.0, Culture=neutral, PublicKeyToken=null" name="AbrirTurnoTest" />
    </UnitTest>
    <UnitTest name="CambiarContraseñaTest" storage="c:\users\martin\proyectos\checkin turnos\dbturnos test\bin\debug\dbturnos test.dll" id="0befebb5-7ef8-4daa-1eaa-9dd9bf1053f2">
      <Execution id="ac0a7bd3-4d10-43b6-9e03-a223c787797c" />
      <TestMethod codeBase="C:/Users/Martin/Proyectos/CheckIn Turnos/dbTurnos Test/bin/Debug/dbTurnos Test.DLL" adapterTypeName="Microsoft.VisualStudio.TestTools.TestTypes.Unit.UnitTestAdapter, Microsoft.VisualStudio.QualityTools.Tips.UnitTest.Adapter, Version=10.0.0.0, Culture=neutral, PublicKeyToken=b03f5f7f11d50a3a" className="dbTurnos_Test.InterfazDbTest, dbTurnos Test, Version=1.0.0.0, Culture=neutral, PublicKeyToken=null" name="CambiarContraseñaTest" />
    </UnitTest>
    <UnitTest name="IdentificarTest" storage="c:\users\martin\proyectos\checkin turnos\dbturnos test\bin\debug\dbturnos test.dll" id="5fecd3b2-f296-46a9-3876-9fa64c10c32c">
      <Execution id="10a7e348-2d75-4d6c-981f-d94ff30a3d22" />
      <TestMethod codeBase="C:/Users/Martin/Proyectos/CheckIn Turnos/dbTurnos Test/bin/Debug/dbTurnos Test.DLL" adapterTypeName="Microsoft.VisualStudio.TestTools.TestTypes.Unit.UnitTestAdapter, Microsoft.VisualStudio.QualityTools.Tips.UnitTest.Adapter, Version=10.0.0.0, Culture=neutral, PublicKeyToken=b03f5f7f11d50a3a" className="dbTurnos_Test.InterfazDbTest, dbTurnos Test, Version=1.0.0.0, Culture=neutral, PublicKeyToken=null" name="IdentificarTest" />
    </UnitTest>
    <UnitTest name="CerrarTurnoTestConFechaPreviaAFechaApertura" storage="c:\users\martin\proyectos\checkin turnos\dbturnos test\bin\debug\dbturnos test.dll" id="dfee3c4b-9899-f49f-6f29-1050e756db1a">
      <Execution id="9160d5b1-53db-48cb-b7ff-76999b9ac07d" />
      <TestMethod codeBase="C:/Users/Martin/Proyectos/CheckIn Turnos/dbTurnos Test/bin/Debug/dbTurnos Test.DLL" adapterTypeName="Microsoft.VisualStudio.TestTools.TestTypes.Unit.UnitTestAdapter, Microsoft.VisualStudio.QualityTools.Tips.UnitTest.Adapter, Version=10.0.0.0, Culture=neutral, PublicKeyToken=b03f5f7f11d50a3a" className="dbTurnos_Test.InterfazDbTest, dbTurnos Test, Version=1.0.0.0, Culture=neutral, PublicKeyToken=null" name="CerrarTurnoTestConFechaPreviaAFechaApertura" />
    </UnitTest>
  </TestDefinitions>
  <TestLists>
    <TestList name="Resultados que no están en la lista" id="8c84fa94-04c1-424b-9868-57a2d4851a1d" />
    <TestList name="Todos los resultados cargados" id="19431567-8539-422a-85d7-44ee4e166bda" />
  </TestLists>
  <TestEntries>
    <TestEntry testId="0befebb5-7ef8-4daa-1eaa-9dd9bf1053f2" executionId="ac0a7bd3-4d10-43b6-9e03-a223c787797c" testListId="8c84fa94-04c1-424b-9868-57a2d4851a1d" />
    <TestEntry testId="16b2fd6e-85b7-9089-7db0-95a134403942" executionId="527903c9-9974-46e8-adbb-798098ee4821" testListId="8c84fa94-04c1-424b-9868-57a2d4851a1d" />
    <TestEntry testId="17847006-8c7c-7180-aaae-d757e42f71ba" executionId="ea5e6b47-17ac-44e0-b532-3ebf82764313" testListId="8c84fa94-04c1-424b-9868-57a2d4851a1d" />
    <TestEntry testId="2d363802-f4a1-6709-a5e4-7c1da0e19126" executionId="46d79f06-4b65-45ca-8515-276b2ce5fb5b" testListId="8c84fa94-04c1-424b-9868-57a2d4851a1d" />
    <TestEntry testId="5fecd3b2-f296-46a9-3876-9fa64c10c32c" executionId="10a7e348-2d75-4d6c-981f-d94ff30a3d22" testListId="8c84fa94-04c1-424b-9868-57a2d4851a1d" />
    <TestEntry testId="768c2340-e2d3-8168-2e0d-e1eb9fbd10ff" executionId="1befdcc2-ce07-4dc4-a3c3-fc4de3256896" testListId="8c84fa94-04c1-424b-9868-57a2d4851a1d" />
    <TestEntry testId="dfee3c4b-9899-f49f-6f29-1050e756db1a" executionId="9160d5b1-53db-48cb-b7ff-76999b9ac07d" testListId="8c84fa94-04c1-424b-9868-57a2d4851a1d" />
    <TestEntry testId="eec8d396-a7a0-156d-8edc-4e9e8f3084c5" executionId="e9e49ebe-d1de-496e-bc51-e008ee121571" testListId="8c84fa94-04c1-424b-9868-57a2d4851a1d" />
  </TestEntries>
  <Results>
    <UnitTestResult executionId="ac0a7bd3-4d10-43b6-9e03-a223c787797c" testId="0befebb5-7ef8-4daa-1eaa-9dd9bf1053f2" testName="CambiarContraseñaTest" computerName="MARTIN-W7" duration="00:00:00.4982179" startTime="2011-12-11T17:48:53.7092218-03:00" endTime="2011-12-11T17:48:54.5042673-03:00" testType="13cdc9d9-ddb5-4fa4-a97d-d965ccfc6d4b" outcome="Passed" testListId="8c84fa94-04c1-424b-9868-57a2d4851a1d" relativeResultsDirectory="ac0a7bd3-4d10-43b6-9e03-a223c787797c">
    </UnitTestResult>
    <UnitTestResult executionId="527903c9-9974-46e8-adbb-798098ee4821" testId="16b2fd6e-85b7-9089-7db0-95a134403942" testName="AbrirTurnoTestConUnoYaAbierto" computerName="MARTIN-W7" duration="00:00:00.4467089" startTime="2011-12-11T17:48:54.5062674-03:00" endTime="2011-12-11T17:48:54.9592933-03:00" testType="13cdc9d9-ddb5-4fa4-a97d-d965ccfc6d4b" outcome="Passed" testListId="8c84fa94-04c1-424b-9868-57a2d4851a1d" relativeResultsDirectory="527903c9-9974-46e8-adbb-798098ee4821">
    </UnitTestResult>
    <UnitTestResult executionId="ea5e6b47-17ac-44e0-b532-3ebf82764313" testId="17847006-8c7c-7180-aaae-d757e42f71ba" testName="IdentificarFallaParUsuarioContraseñaTest" computerName="MARTIN-W7" duration="00:00:00.1410372" startTime="2011-12-11T17:48:54.9612934-03:00" endTime="2011-12-11T17:48:55.1073018-03:00" testType="13cdc9d9-ddb5-4fa4-a97d-d965ccfc6d4b" outcome="Passed" testListId="8c84fa94-04c1-424b-9868-57a2d4851a1d" relativeResultsDirectory="ea5e6b47-17ac-44e0-b532-3ebf82764313">
    </UnitTestResult>
    <UnitTestResult executionId="46d79f06-4b65-45ca-8515-276b2ce5fb5b" testId="2d363802-f4a1-6709-a5e4-7c1da0e19126" testName="AbrirTurnoTest" computerName="MARTIN-W7" duration="00:00:00.5660760" startTime="2011-12-11T17:48:55.1093019-03:00" endTime="2011-12-11T17:48:55.6863349-03:00" testType="13cdc9d9-ddb5-4fa4-a97d-d965ccfc6d4b" outcome="Passed" testListId="8c84fa94-04c1-424b-9868-57a2d4851a1d" relativeResultsDirectory="46d79f06-4b65-45ca-8515-276b2ce5fb5b">
    </UnitTestResult>
    <UnitTestResult executionId="10a7e348-2d75-4d6c-981f-d94ff30a3d22" testId="5fecd3b2-f296-46a9-3876-9fa64c10c32c" testName="IdentificarTest" computerName="MARTIN-W7" duration="00:00:00.1374809" startTime="2011-12-11T17:48:55.6893351-03:00" endTime="2011-12-11T17:48:55.8363435-03:00" testType="13cdc9d9-ddb5-4fa4-a97d-d965ccfc6d4b" outcome="Passed" testListId="8c84fa94-04c1-424b-9868-57a2d4851a1d" relativeResultsDirectory="10a7e348-2d75-4d6c-981f-d94ff30a3d22">
    </UnitTestResult>
    <UnitTestResult executionId="1befdcc2-ce07-4dc4-a3c3-fc4de3256896" testId="768c2340-e2d3-8168-2e0d-e1eb9fbd10ff" testName="CerrarTurnoTest" computerName="MARTIN-W7" duration="00:00:05.8570695" startTime="2011-12-11T17:48:55.8393437-03:00" endTime="2011-12-11T17:49:01.7056792-03:00" testType="13cdc9d9-ddb5-4fa4-a97d-d965ccfc6d4b" outcome="Passed" testListId="8c84fa94-04c1-424b-9868-57a2d4851a1d" relativeResultsDirectory="1befdcc2-ce07-4dc4-a3c3-fc4de3256896">
    </UnitTestResult>
    <UnitTestResult executionId="9160d5b1-53db-48cb-b7ff-76999b9ac07d" testId="dfee3c4b-9899-f49f-6f29-1050e756db1a" testName="CerrarTurnoTestConFechaPreviaAFechaApertura" computerName="MARTIN-W7" duration="00:00:00.4287892" startTime="2011-12-11T17:49:01.7076793-03:00" endTime="2011-12-11T17:49:02.1417041-03:00" testType="13cdc9d9-ddb5-4fa4-a97d-d965ccfc6d4b" outcome="Passed" testListId="8c84fa94-04c1-424b-9868-57a2d4851a1d" relativeResultsDirectory="9160d5b1-53db-48cb-b7ff-76999b9ac07d">
    </UnitTestResult>
    <UnitTestResult executionId="e9e49ebe-d1de-496e-bc51-e008ee121571" testId="eec8d396-a7a0-156d-8edc-4e9e8f3084c5" testName="CerrarTurnoTestSinTurnoAbierto" computerName="MARTIN-W7" duration="00:00:00.4262989" startTime="2011-12-11T17:49:02.1437043-03:00" endTime="2011-12-11T17:49:02.5757290-03:00" testType="13cdc9d9-ddb5-4fa4-a97d-d965ccfc6d4b" outcome="Passed" testListId="8c84fa94-04c1-424b-9868-57a2d4851a1d" relativeResultsDirectory="e9e49ebe-d1de-496e-bc51-e008ee121571">
    </UnitTestResult>
  </Results>
</TestRun>