<?xml version="1.0" encoding="UTF-8"?>
<TestRun id="3c011e11-6051-4629-8b14-2fbc7a7962d0" name="Martin@MARTIN-W7 2012-01-27 15:50:34" runUser="Martin-W7\Martin" xmlns="http://microsoft.com/schemas/VisualStudio/TeamTest/2010">
  <TestSettings name="Local" id="10f11fbf-a532-4800-8c59-53b7c9bfdb52">
    <Description>Esta es la configuración de pruebas predeterminada para una ejecución de pruebas local.</Description>
    <Deployment enabled="false" runDeploymentRoot="Martin_MARTIN-W7 2012-01-27 15_50_34">
      <DeploymentItem filename="C:\Users\Martin\Proyectos\CheckIn Turnos\db -Turnos\bin\Release\db -Turnos.dll" />
    </Deployment>
    <Execution>
      <TestTypeSpecific />
      <AgentRule name="Execution Agents">
      </AgentRule>
    </Execution>
  </TestSettings>
  <Times creation="2012-01-27T15:50:34.9306952-03:00" queuing="2012-01-27T15:50:39.1909388-03:00" start="2012-01-27T15:50:39.6069626-03:00" finish="2012-01-27T15:50:41.7090829-03:00" />
  <ResultSummary outcome="Failed">
    <Counters total="8" executed="8" error="0" failed="8" timeout="0" aborted="0" inconclusive="0" passedButRunAborted="0" notRunnable="0" notExecuted="0" disconnected="0" warning="0" passed="0" completed="0" inProgress="0" pending="0" />
  </ResultSummary>
  <TestDefinitions>
    <UnitTest name="CerrarTurnoTestSinTurnoAbierto" storage="c:\users\martin\proyectos\checkin turnos\dbturnos test\bin\release\dbturnos test.dll" id="eec8d396-a7a0-156d-8edc-4e9e8f3084c5">
      <Execution id="9ee7901b-c8be-483d-b93c-d80bceeb0db2" />
      <TestMethod codeBase="C:/Users/Martin/Proyectos/CheckIn Turnos/dbTurnos Test/bin/Release/dbTurnos Test.DLL" adapterTypeName="Microsoft.VisualStudio.TestTools.TestTypes.Unit.UnitTestAdapter, Microsoft.VisualStudio.QualityTools.Tips.UnitTest.Adapter, Version=10.0.0.0, Culture=neutral, PublicKeyToken=b03f5f7f11d50a3a" className="dbTurnos_Test.InterfazDbTest, dbTurnos Test, Version=1.0.0.0, Culture=neutral, PublicKeyToken=null" name="CerrarTurnoTestSinTurnoAbierto" />
    </UnitTest>
    <UnitTest name="AbrirTurnoTestConUnoYaAbierto" storage="c:\users\martin\proyectos\checkin turnos\dbturnos test\bin\release\dbturnos test.dll" id="16b2fd6e-85b7-9089-7db0-95a134403942">
      <Execution id="adefe4c4-c5b4-4885-a263-abb0f459a059" />
      <TestMethod codeBase="C:/Users/Martin/Proyectos/CheckIn Turnos/dbTurnos Test/bin/Release/dbTurnos Test.DLL" adapterTypeName="Microsoft.VisualStudio.TestTools.TestTypes.Unit.UnitTestAdapter, Microsoft.VisualStudio.QualityTools.Tips.UnitTest.Adapter, Version=10.0.0.0, Culture=neutral, PublicKeyToken=b03f5f7f11d50a3a" className="dbTurnos_Test.InterfazDbTest, dbTurnos Test, Version=1.0.0.0, Culture=neutral, PublicKeyToken=null" name="AbrirTurnoTestConUnoYaAbierto" />
    </UnitTest>
    <UnitTest name="IdentificarFallaParUsuarioContraseñaTest" storage="c:\users\martin\proyectos\checkin turnos\dbturnos test\bin\release\dbturnos test.dll" id="17847006-8c7c-7180-aaae-d757e42f71ba">
      <Execution id="79f2e9ba-3933-4d22-b872-bc5d7ceb4fef" />
      <TestMethod codeBase="C:/Users/Martin/Proyectos/CheckIn Turnos/dbTurnos Test/bin/Release/dbTurnos Test.DLL" adapterTypeName="Microsoft.VisualStudio.TestTools.TestTypes.Unit.UnitTestAdapter, Microsoft.VisualStudio.QualityTools.Tips.UnitTest.Adapter, Version=10.0.0.0, Culture=neutral, PublicKeyToken=b03f5f7f11d50a3a" className="dbTurnos_Test.InterfazDbTest, dbTurnos Test, Version=1.0.0.0, Culture=neutral, PublicKeyToken=null" name="IdentificarFallaParUsuarioContraseñaTest" />
    </UnitTest>
    <UnitTest name="CerrarTurnoTest" storage="c:\users\martin\proyectos\checkin turnos\dbturnos test\bin\release\dbturnos test.dll" id="768c2340-e2d3-8168-2e0d-e1eb9fbd10ff">
      <Execution id="3337c083-7e41-4e07-813c-5496ef8e6331" />
      <TestMethod codeBase="C:/Users/Martin/Proyectos/CheckIn Turnos/dbTurnos Test/bin/Release/dbTurnos Test.DLL" adapterTypeName="Microsoft.VisualStudio.TestTools.TestTypes.Unit.UnitTestAdapter, Microsoft.VisualStudio.QualityTools.Tips.UnitTest.Adapter, Version=10.0.0.0, Culture=neutral, PublicKeyToken=b03f5f7f11d50a3a" className="dbTurnos_Test.InterfazDbTest, dbTurnos Test, Version=1.0.0.0, Culture=neutral, PublicKeyToken=null" name="CerrarTurnoTest" />
    </UnitTest>
    <UnitTest name="AbrirTurnoTest" storage="c:\users\martin\proyectos\checkin turnos\dbturnos test\bin\release\dbturnos test.dll" id="2d363802-f4a1-6709-a5e4-7c1da0e19126">
      <Execution id="0722fec4-804c-4c6f-9a52-73cc760b5604" />
      <TestMethod codeBase="C:/Users/Martin/Proyectos/CheckIn Turnos/dbTurnos Test/bin/Release/dbTurnos Test.DLL" adapterTypeName="Microsoft.VisualStudio.TestTools.TestTypes.Unit.UnitTestAdapter, Microsoft.VisualStudio.QualityTools.Tips.UnitTest.Adapter, Version=10.0.0.0, Culture=neutral, PublicKeyToken=b03f5f7f11d50a3a" className="dbTurnos_Test.InterfazDbTest, dbTurnos Test, Version=1.0.0.0, Culture=neutral, PublicKeyToken=null" name="AbrirTurnoTest" />
    </UnitTest>
    <UnitTest name="CambiarContraseñaTest" storage="c:\users\martin\proyectos\checkin turnos\dbturnos test\bin\release\dbturnos test.dll" id="0befebb5-7ef8-4daa-1eaa-9dd9bf1053f2">
      <Execution id="508a3d0c-301c-42f3-948e-115c89bab4b5" />
      <TestMethod codeBase="C:/Users/Martin/Proyectos/CheckIn Turnos/dbTurnos Test/bin/Release/dbTurnos Test.DLL" adapterTypeName="Microsoft.VisualStudio.TestTools.TestTypes.Unit.UnitTestAdapter, Microsoft.VisualStudio.QualityTools.Tips.UnitTest.Adapter, Version=10.0.0.0, Culture=neutral, PublicKeyToken=b03f5f7f11d50a3a" className="dbTurnos_Test.InterfazDbTest, dbTurnos Test, Version=1.0.0.0, Culture=neutral, PublicKeyToken=null" name="CambiarContraseñaTest" />
    </UnitTest>
    <UnitTest name="IdentificarTest" storage="c:\users\martin\proyectos\checkin turnos\dbturnos test\bin\release\dbturnos test.dll" id="5fecd3b2-f296-46a9-3876-9fa64c10c32c">
      <Execution id="2b978b90-c8fa-408a-9708-10082787193d" />
      <TestMethod codeBase="C:/Users/Martin/Proyectos/CheckIn Turnos/dbTurnos Test/bin/Release/dbTurnos Test.DLL" adapterTypeName="Microsoft.VisualStudio.TestTools.TestTypes.Unit.UnitTestAdapter, Microsoft.VisualStudio.QualityTools.Tips.UnitTest.Adapter, Version=10.0.0.0, Culture=neutral, PublicKeyToken=b03f5f7f11d50a3a" className="dbTurnos_Test.InterfazDbTest, dbTurnos Test, Version=1.0.0.0, Culture=neutral, PublicKeyToken=null" name="IdentificarTest" />
    </UnitTest>
    <UnitTest name="CerrarTurnoTestConFechaPreviaAFechaApertura" storage="c:\users\martin\proyectos\checkin turnos\dbturnos test\bin\release\dbturnos test.dll" id="dfee3c4b-9899-f49f-6f29-1050e756db1a">
      <Execution id="813fe12c-cd5d-4b7e-9793-55be131b7a50" />
      <TestMethod codeBase="C:/Users/Martin/Proyectos/CheckIn Turnos/dbTurnos Test/bin/Release/dbTurnos Test.DLL" adapterTypeName="Microsoft.VisualStudio.TestTools.TestTypes.Unit.UnitTestAdapter, Microsoft.VisualStudio.QualityTools.Tips.UnitTest.Adapter, Version=10.0.0.0, Culture=neutral, PublicKeyToken=b03f5f7f11d50a3a" className="dbTurnos_Test.InterfazDbTest, dbTurnos Test, Version=1.0.0.0, Culture=neutral, PublicKeyToken=null" name="CerrarTurnoTestConFechaPreviaAFechaApertura" />
    </UnitTest>
  </TestDefinitions>
  <TestLists>
    <TestList name="Resultados que no están en la lista" id="8c84fa94-04c1-424b-9868-57a2d4851a1d" />
    <TestList name="Todos los resultados cargados" id="19431567-8539-422a-85d7-44ee4e166bda" />
  </TestLists>
  <TestEntries>
    <TestEntry testId="0befebb5-7ef8-4daa-1eaa-9dd9bf1053f2" executionId="508a3d0c-301c-42f3-948e-115c89bab4b5" testListId="8c84fa94-04c1-424b-9868-57a2d4851a1d" />
    <TestEntry testId="16b2fd6e-85b7-9089-7db0-95a134403942" executionId="adefe4c4-c5b4-4885-a263-abb0f459a059" testListId="8c84fa94-04c1-424b-9868-57a2d4851a1d" />
    <TestEntry testId="17847006-8c7c-7180-aaae-d757e42f71ba" executionId="79f2e9ba-3933-4d22-b872-bc5d7ceb4fef" testListId="8c84fa94-04c1-424b-9868-57a2d4851a1d" />
    <TestEntry testId="2d363802-f4a1-6709-a5e4-7c1da0e19126" executionId="0722fec4-804c-4c6f-9a52-73cc760b5604" testListId="8c84fa94-04c1-424b-9868-57a2d4851a1d" />
    <TestEntry testId="5fecd3b2-f296-46a9-3876-9fa64c10c32c" executionId="2b978b90-c8fa-408a-9708-10082787193d" testListId="8c84fa94-04c1-424b-9868-57a2d4851a1d" />
    <TestEntry testId="768c2340-e2d3-8168-2e0d-e1eb9fbd10ff" executionId="3337c083-7e41-4e07-813c-5496ef8e6331" testListId="8c84fa94-04c1-424b-9868-57a2d4851a1d" />
    <TestEntry testId="dfee3c4b-9899-f49f-6f29-1050e756db1a" executionId="813fe12c-cd5d-4b7e-9793-55be131b7a50" testListId="8c84fa94-04c1-424b-9868-57a2d4851a1d" />
    <TestEntry testId="eec8d396-a7a0-156d-8edc-4e9e8f3084c5" executionId="9ee7901b-c8be-483d-b93c-d80bceeb0db2" testListId="8c84fa94-04c1-424b-9868-57a2d4851a1d" />
  </TestEntries>
  <Results>
    <UnitTestResult executionId="508a3d0c-301c-42f3-948e-115c89bab4b5" testId="0befebb5-7ef8-4daa-1eaa-9dd9bf1053f2" testName="CambiarContraseñaTest" computerName="MARTIN-W7" duration="00:00:00.4401944" startTime="2012-01-27T15:50:39.8279753-03:00" endTime="2012-01-27T15:50:41.2400560-03:00" testType="13cdc9d9-ddb5-4fa4-a97d-d965ccfc6d4b" outcome="Failed" testListId="8c84fa94-04c1-424b-9868-57a2d4851a1d" relativeResultsDirectory="508a3d0c-301c-42f3-948e-115c89bab4b5">
      <Output>
        <ErrorInfo>
          <Message>El método de prueba dbTurnos_Test.InterfazDbTest.CambiarContraseñaTest produjo la excepción: 
dbTurnos.DataSQL.CadenaDeConexionNoDefinida: Se intento instanciar un objeto AutoGeneratedDataTable, sin antes definir la propiedad CadenaDeConexion (a la base de datos).</Message>
          <StackTrace>    en dbTurnos.DataSQL.AutoGeneratedDataTable.Refrescar() en C:\Users\Martin\Proyectos\CheckIn Turnos\db -Turnos\AutoGeneratedDataTable.cs:línea 36
   en dbTurnos_Test.InterfazDbTest.CambiarContraseñaTest() en C:\Users\Martin\Proyectos\CheckIn Turnos\dbTurnos Test\InterfazDbTest.cs:línea 94
</StackTrace>
        </ErrorInfo>
      </Output>
    </UnitTestResult>
    <UnitTestResult executionId="adefe4c4-c5b4-4885-a263-abb0f459a059" testId="16b2fd6e-85b7-9089-7db0-95a134403942" testName="AbrirTurnoTestConUnoYaAbierto" computerName="MARTIN-W7" duration="00:00:00.0441289" startTime="2012-01-27T15:50:41.2420562-03:00" endTime="2012-01-27T15:50:41.2920590-03:00" testType="13cdc9d9-ddb5-4fa4-a97d-d965ccfc6d4b" outcome="Failed" testListId="8c84fa94-04c1-424b-9868-57a2d4851a1d" relativeResultsDirectory="adefe4c4-c5b4-4885-a263-abb0f459a059">
      <Output>
        <ErrorInfo>
          <Message>El método de prueba dbTurnos_Test.InterfazDbTest.AbrirTurnoTestConUnoYaAbierto inició la excepción System.NullReferenceException, pero se esperaba la excepción dbTurnos.Excepciones.YaTieneTurnoAbiertoException. Mensaje de la excepción: System.NullReferenceException: Referencia a objeto no establecida como instancia de un objeto.</Message>
          <StackTrace>    en dbTurnos.InterfazDb.AbrirTurno(Int32 idUsuario, DateTime inicio) en C:\Users\Martin\Proyectos\CheckIn Turnos\db -Turnos\InterfazDb.cs:línea 57
   en dbTurnos_Test.InterfazDbTest.AbrirTurnoTestConUnoYaAbierto() en C:\Users\Martin\Proyectos\CheckIn Turnos\dbTurnos Test\InterfazDbTest.cs:línea 143
</StackTrace>
        </ErrorInfo>
      </Output>
    </UnitTestResult>
    <UnitTestResult executionId="79f2e9ba-3933-4d22-b872-bc5d7ceb4fef" testId="17847006-8c7c-7180-aaae-d757e42f71ba" testName="IdentificarFallaParUsuarioContraseñaTest" computerName="MARTIN-W7" duration="00:00:00.0026789" startTime="2012-01-27T15:50:41.2940591-03:00" endTime="2012-01-27T15:50:41.3020596-03:00" testType="13cdc9d9-ddb5-4fa4-a97d-d965ccfc6d4b" outcome="Failed" testListId="8c84fa94-04c1-424b-9868-57a2d4851a1d" relativeResultsDirectory="79f2e9ba-3933-4d22-b872-bc5d7ceb4fef">
      <Output>
        <ErrorInfo>
          <Message>El método de prueba dbTurnos_Test.InterfazDbTest.IdentificarFallaParUsuarioContraseñaTest inició la excepción dbTurnos.DataSQL.CadenaDeConexionNoDefinida, pero se esperaba la excepción dbTurnos.Excepciones.ParUsuarioContraseñaIncorrectoException. Mensaje de la excepción: dbTurnos.DataSQL.CadenaDeConexionNoDefinida: Se intento instanciar un objeto AutoGeneratedDataTable, sin antes definir la propiedad CadenaDeConexion (a la base de datos).</Message>
          <StackTrace>    en dbTurnos.DataSQL.AutoGeneratedDataTable.Refrescar() en C:\Users\Martin\Proyectos\CheckIn Turnos\db -Turnos\AutoGeneratedDataTable.cs:línea 36
   en dbTurnos.InterfazDb.Identificar(String usuario, String contraseña) en C:\Users\Martin\Proyectos\CheckIn Turnos\db -Turnos\InterfazDb.cs:línea 121
   en dbTurnos_Test.InterfazDbTest.IdentificarFallaParUsuarioContraseñaTest() en C:\Users\Martin\Proyectos\CheckIn Turnos\dbTurnos Test\InterfazDbTest.cs:línea 83
</StackTrace>
        </ErrorInfo>
      </Output>
    </UnitTestResult>
    <UnitTestResult executionId="0722fec4-804c-4c6f-9a52-73cc760b5604" testId="2d363802-f4a1-6709-a5e4-7c1da0e19126" testName="AbrirTurnoTest" computerName="MARTIN-W7" duration="00:00:00.0193570" startTime="2012-01-27T15:50:41.3040597-03:00" endTime="2012-01-27T15:50:41.3290611-03:00" testType="13cdc9d9-ddb5-4fa4-a97d-d965ccfc6d4b" outcome="Failed" testListId="8c84fa94-04c1-424b-9868-57a2d4851a1d" relativeResultsDirectory="0722fec4-804c-4c6f-9a52-73cc760b5604">
      <Output>
        <ErrorInfo>
          <Message>El método de prueba dbTurnos_Test.InterfazDbTest.AbrirTurnoTest produjo la excepción: 
dbTurnos.DataSQL.CadenaDeConexionNoDefinida: Se intento instanciar un objeto AutoGeneratedDataTable, sin antes definir la propiedad CadenaDeConexion (a la base de datos).</Message>
          <StackTrace>    en dbTurnos.DataSQL.AutoGeneratedDataTable.Refrescar() en C:\Users\Martin\Proyectos\CheckIn Turnos\db -Turnos\AutoGeneratedDataTable.cs:línea 36
   en dbTurnos_Test.InterfazDbTest.AbrirTurnoTest() en C:\Users\Martin\Proyectos\CheckIn Turnos\dbTurnos Test\InterfazDbTest.cs:línea 113
</StackTrace>
        </ErrorInfo>
      </Output>
    </UnitTestResult>
    <UnitTestResult executionId="2b978b90-c8fa-408a-9708-10082787193d" testId="5fecd3b2-f296-46a9-3876-9fa64c10c32c" testName="IdentificarTest" computerName="MARTIN-W7" duration="00:00:00.0020985" startTime="2012-01-27T15:50:41.3320613-03:00" endTime="2012-01-27T15:50:41.3390617-03:00" testType="13cdc9d9-ddb5-4fa4-a97d-d965ccfc6d4b" outcome="Failed" testListId="8c84fa94-04c1-424b-9868-57a2d4851a1d" relativeResultsDirectory="2b978b90-c8fa-408a-9708-10082787193d">
      <Output>
        <ErrorInfo>
          <Message>El método de prueba dbTurnos_Test.InterfazDbTest.IdentificarTest produjo la excepción: 
dbTurnos.DataSQL.CadenaDeConexionNoDefinida: Se intento instanciar un objeto AutoGeneratedDataTable, sin antes definir la propiedad CadenaDeConexion (a la base de datos).</Message>
          <StackTrace>    en dbTurnos.DataSQL.AutoGeneratedDataTable.Refrescar() en C:\Users\Martin\Proyectos\CheckIn Turnos\db -Turnos\AutoGeneratedDataTable.cs:línea 36
   en dbTurnos.InterfazDb.Identificar(String usuario, String contraseña) en C:\Users\Martin\Proyectos\CheckIn Turnos\db -Turnos\InterfazDb.cs:línea 121
   en dbTurnos_Test.InterfazDbTest.IdentificarTest() en C:\Users\Martin\Proyectos\CheckIn Turnos\dbTurnos Test\InterfazDbTest.cs:línea 71
</StackTrace>
        </ErrorInfo>
      </Output>
    </UnitTestResult>
    <UnitTestResult executionId="3337c083-7e41-4e07-813c-5496ef8e6331" testId="768c2340-e2d3-8168-2e0d-e1eb9fbd10ff" testName="CerrarTurnoTest" computerName="MARTIN-W7" duration="00:00:00.0031687" startTime="2012-01-27T15:50:41.3420619-03:00" endTime="2012-01-27T15:50:41.3580628-03:00" testType="13cdc9d9-ddb5-4fa4-a97d-d965ccfc6d4b" outcome="Failed" testListId="8c84fa94-04c1-424b-9868-57a2d4851a1d" relativeResultsDirectory="3337c083-7e41-4e07-813c-5496ef8e6331">
      <Output>
        <ErrorInfo>
          <Message>El método de prueba dbTurnos_Test.InterfazDbTest.CerrarTurnoTest produjo la excepción: 
dbTurnos.DataSQL.CadenaDeConexionNoDefinida: Se intento instanciar un objeto AutoGeneratedDataTable, sin antes definir la propiedad CadenaDeConexion (a la base de datos).</Message>
          <StackTrace>    en dbTurnos.DataSQL.AutoGeneratedDataTable.Refrescar() en C:\Users\Martin\Proyectos\CheckIn Turnos\db -Turnos\AutoGeneratedDataTable.cs:línea 36
   en dbTurnos_Test.InterfazDbTest.CerrarTurnoTest() en C:\Users\Martin\Proyectos\CheckIn Turnos\dbTurnos Test\InterfazDbTest.cs:línea 127
</StackTrace>
        </ErrorInfo>
      </Output>
    </UnitTestResult>
    <UnitTestResult executionId="813fe12c-cd5d-4b7e-9793-55be131b7a50" testId="dfee3c4b-9899-f49f-6f29-1050e756db1a" testName="CerrarTurnoTestConFechaPreviaAFechaApertura" computerName="MARTIN-W7" duration="00:00:00.0019804" startTime="2012-01-27T15:50:41.3610630-03:00" endTime="2012-01-27T15:50:41.3680634-03:00" testType="13cdc9d9-ddb5-4fa4-a97d-d965ccfc6d4b" outcome="Failed" testListId="8c84fa94-04c1-424b-9868-57a2d4851a1d" relativeResultsDirectory="813fe12c-cd5d-4b7e-9793-55be131b7a50">
      <Output>
        <ErrorInfo>
          <Message>El método de prueba dbTurnos_Test.InterfazDbTest.CerrarTurnoTestConFechaPreviaAFechaApertura inició la excepción System.NullReferenceException, pero se esperaba la excepción dbTurnos.Excepciones.InicioTurnoMayorQueFinException. Mensaje de la excepción: System.NullReferenceException: Referencia a objeto no establecida como instancia de un objeto.</Message>
          <StackTrace>    en dbTurnos.InterfazDb.AbrirTurno(Int32 idUsuario, DateTime inicio) en C:\Users\Martin\Proyectos\CheckIn Turnos\db -Turnos\InterfazDb.cs:línea 57
   en dbTurnos_Test.InterfazDbTest.CerrarTurnoTestConFechaPreviaAFechaApertura() en C:\Users\Martin\Proyectos\CheckIn Turnos\dbTurnos Test\InterfazDbTest.cs:línea 165
</StackTrace>
        </ErrorInfo>
      </Output>
    </UnitTestResult>
    <UnitTestResult executionId="9ee7901b-c8be-483d-b93c-d80bceeb0db2" testId="eec8d396-a7a0-156d-8edc-4e9e8f3084c5" testName="CerrarTurnoTestSinTurnoAbierto" computerName="MARTIN-W7" duration="00:00:00.0032790" startTime="2012-01-27T15:50:41.3710635-03:00" endTime="2012-01-27T15:50:41.3800640-03:00" testType="13cdc9d9-ddb5-4fa4-a97d-d965ccfc6d4b" outcome="Failed" testListId="8c84fa94-04c1-424b-9868-57a2d4851a1d" relativeResultsDirectory="9ee7901b-c8be-483d-b93c-d80bceeb0db2">
      <Output>
        <ErrorInfo>
          <Message>El método de prueba dbTurnos_Test.InterfazDbTest.CerrarTurnoTestSinTurnoAbierto inició la excepción System.NullReferenceException, pero se esperaba la excepción dbTurnos.Excepciones.NoHayTurnoAbiertoException. Mensaje de la excepción: System.NullReferenceException: Referencia a objeto no establecida como instancia de un objeto.</Message>
          <StackTrace>    en dbTurnos.InterfazDb.CerrarTurno(Int32 idUsuario, DateTime fin) en C:\Users\Martin\Proyectos\CheckIn Turnos\db -Turnos\InterfazDb.cs:línea 83
   en dbTurnos_Test.InterfazDbTest.CerrarTurnoTestSinTurnoAbierto() en C:\Users\Martin\Proyectos\CheckIn Turnos\dbTurnos Test\InterfazDbTest.cs:línea 154
</StackTrace>
        </ErrorInfo>
      </Output>
    </UnitTestResult>
  </Results>
</TestRun>