<?xml version="1.0" encoding="UTF-8"?>
<TestRun id="4f8303a2-6651-4092-a8c2-142d017266e0" name="Martin@MARTIN-W7 2011-12-11 16:30:45" runUser="Martin-W7\Martin" xmlns="http://microsoft.com/schemas/VisualStudio/TeamTest/2010">
  <TestSettings name="Local" id="10f11fbf-a532-4800-8c59-53b7c9bfdb52">
    <Description>Esta es la configuración de pruebas predeterminada para una ejecución de pruebas local.</Description>
    <Deployment userDeploymentRoot="C:\Users\Martin\Proyectos\CheckIn Turnos\TestResults" useDefaultDeploymentRoot="false" enabled="false" runDeploymentRoot="Martin_MARTIN-W7 2011-12-11 16_30_45">
      <DeploymentItem filename="C:\Users\Martin\Proyectos\CheckIn Turnos\db -Turnos\bin\Debug\db -Turnos.dll" />
    </Deployment>
    <Execution>
      <TestTypeSpecific />
      <AgentRule name="Execution Agents">
      </AgentRule>
    </Execution>
  </TestSettings>
  <Times creation="2011-12-11T16:30:45.8090893-03:00" queuing="2011-12-11T16:30:47.0841622-03:00" start="2011-12-11T16:30:47.3291762-03:00" finish="2011-12-11T16:31:06.1122506-03:00" />
  <ResultSummary outcome="Error">
    <Counters total="8" executed="2" passed="1" error="0" failed="0" timeout="0" aborted="1" inconclusive="0" passedButRunAborted="0" notRunnable="0" notExecuted="6" disconnected="0" warning="0" completed="0" inProgress="0" pending="0" />
    <RunInfos>
      <RunInfo computerName="MARTIN-W7" outcome="Error" timestamp="2011-12-11T16:31:06.1102504-03:00">
        <Text>El proceso del host de pruebas terminó inesperadamente.</Text>
      </RunInfo>
    </RunInfos>
  </ResultSummary>
  <TestDefinitions>
    <UnitTest name="CerrarTurnoTestSinTurnoAbierto" storage="c:\users\martin\proyectos\checkin turnos\dbturnos test\bin\debug\dbturnos test.dll" id="eec8d396-a7a0-156d-8edc-4e9e8f3084c5">
      <Execution id="ecff1303-3447-415e-b8f0-18926e6a8929" />
      <TestMethod codeBase="C:/Users/Martin/Proyectos/CheckIn Turnos/dbTurnos Test/bin/Debug/dbTurnos Test.DLL" adapterTypeName="Microsoft.VisualStudio.TestTools.TestTypes.Unit.UnitTestAdapter, Microsoft.VisualStudio.QualityTools.Tips.UnitTest.Adapter, Version=10.0.0.0, Culture=neutral, PublicKeyToken=b03f5f7f11d50a3a" className="dbTurnos_Test.InterfazDbTest, dbTurnos Test, Version=1.0.0.0, Culture=neutral, PublicKeyToken=null" name="CerrarTurnoTestSinTurnoAbierto" />
    </UnitTest>
    <UnitTest name="AbrirTurnoTestConUnoYaAbierto" storage="c:\users\martin\proyectos\checkin turnos\dbturnos test\bin\debug\dbturnos test.dll" id="16b2fd6e-85b7-9089-7db0-95a134403942">
      <Execution id="ca761922-3d8e-4785-b3f0-ebcd0309ff3e" />
      <TestMethod codeBase="C:/Users/Martin/Proyectos/CheckIn Turnos/dbTurnos Test/bin/Debug/dbTurnos Test.DLL" adapterTypeName="Microsoft.VisualStudio.TestTools.TestTypes.Unit.UnitTestAdapter, Microsoft.VisualStudio.QualityTools.Tips.UnitTest.Adapter, Version=10.0.0.0, Culture=neutral, PublicKeyToken=b03f5f7f11d50a3a" className="dbTurnos_Test.InterfazDbTest, dbTurnos Test, Version=1.0.0.0, Culture=neutral, PublicKeyToken=null" name="AbrirTurnoTestConUnoYaAbierto" />
    </UnitTest>
    <UnitTest name="IdentificarFallaParUsuarioContraseñaTest" storage="c:\users\martin\proyectos\checkin turnos\dbturnos test\bin\debug\dbturnos test.dll" id="17847006-8c7c-7180-aaae-d757e42f71ba">
      <Execution id="3e910170-dada-4efe-98b1-9cb1761974d1" />
      <TestMethod codeBase="C:/Users/Martin/Proyectos/CheckIn Turnos/dbTurnos Test/bin/Debug/dbTurnos Test.DLL" adapterTypeName="Microsoft.VisualStudio.TestTools.TestTypes.Unit.UnitTestAdapter, Microsoft.VisualStudio.QualityTools.Tips.UnitTest.Adapter, Version=10.0.0.0, Culture=neutral, PublicKeyToken=b03f5f7f11d50a3a" className="dbTurnos_Test.InterfazDbTest, dbTurnos Test, Version=1.0.0.0, Culture=neutral, PublicKeyToken=null" name="IdentificarFallaParUsuarioContraseñaTest" />
    </UnitTest>
    <UnitTest name="CerrarTurnoTest" storage="c:\users\martin\proyectos\checkin turnos\dbturnos test\bin\debug\dbturnos test.dll" id="768c2340-e2d3-8168-2e0d-e1eb9fbd10ff">
      <Execution id="36968f5b-e4c5-4cda-a70e-ab9af4b011ad" />
      <TestMethod codeBase="C:/Users/Martin/Proyectos/CheckIn Turnos/dbTurnos Test/bin/Debug/dbTurnos Test.DLL" adapterTypeName="Microsoft.VisualStudio.TestTools.TestTypes.Unit.UnitTestAdapter, Microsoft.VisualStudio.QualityTools.Tips.UnitTest.Adapter, Version=10.0.0.0, Culture=neutral, PublicKeyToken=b03f5f7f11d50a3a" className="dbTurnos_Test.InterfazDbTest, dbTurnos Test, Version=1.0.0.0, Culture=neutral, PublicKeyToken=null" name="CerrarTurnoTest" />
    </UnitTest>
    <UnitTest name="AbrirTurnoTest" storage="c:\users\martin\proyectos\checkin turnos\dbturnos test\bin\debug\dbturnos test.dll" id="2d363802-f4a1-6709-a5e4-7c1da0e19126">
      <Execution id="3ea7bb2e-abca-423b-b778-0e0c5a1b63aa" />
      <TestMethod codeBase="C:/Users/Martin/Proyectos/CheckIn Turnos/dbTurnos Test/bin/Debug/dbTurnos Test.DLL" adapterTypeName="Microsoft.VisualStudio.TestTools.TestTypes.Unit.UnitTestAdapter, Microsoft.VisualStudio.QualityTools.Tips.UnitTest.Adapter, Version=10.0.0.0, Culture=neutral, PublicKeyToken=b03f5f7f11d50a3a" className="dbTurnos_Test.InterfazDbTest, dbTurnos Test, Version=1.0.0.0, Culture=neutral, PublicKeyToken=null" name="AbrirTurnoTest" />
    </UnitTest>
    <UnitTest name="CambiarContraseñaTest" storage="c:\users\martin\proyectos\checkin turnos\dbturnos test\bin\debug\dbturnos test.dll" id="0befebb5-7ef8-4daa-1eaa-9dd9bf1053f2">
      <Execution id="4679cc75-c8ec-404f-acac-1c09e8878d75" />
      <TestMethod codeBase="C:/Users/Martin/Proyectos/CheckIn Turnos/dbTurnos Test/bin/Debug/dbTurnos Test.DLL" adapterTypeName="Microsoft.VisualStudio.TestTools.TestTypes.Unit.UnitTestAdapter, Microsoft.VisualStudio.QualityTools.Tips.UnitTest.Adapter, Version=10.0.0.0, Culture=neutral, PublicKeyToken=b03f5f7f11d50a3a" className="dbTurnos_Test.InterfazDbTest, dbTurnos Test, Version=1.0.0.0, Culture=neutral, PublicKeyToken=null" name="CambiarContraseñaTest" />
    </UnitTest>
    <UnitTest name="IdentificarTest" storage="c:\users\martin\proyectos\checkin turnos\dbturnos test\bin\debug\dbturnos test.dll" id="5fecd3b2-f296-46a9-3876-9fa64c10c32c">
      <Execution id="e0ad5176-6359-4a17-b868-d6f127cf9e01" />
      <TestMethod codeBase="C:/Users/Martin/Proyectos/CheckIn Turnos/dbTurnos Test/bin/Debug/dbTurnos Test.DLL" adapterTypeName="Microsoft.VisualStudio.TestTools.TestTypes.Unit.UnitTestAdapter, Microsoft.VisualStudio.QualityTools.Tips.UnitTest.Adapter, Version=10.0.0.0, Culture=neutral, PublicKeyToken=b03f5f7f11d50a3a" className="dbTurnos_Test.InterfazDbTest, dbTurnos Test, Version=1.0.0.0, Culture=neutral, PublicKeyToken=null" name="IdentificarTest" />
    </UnitTest>
    <UnitTest name="CerrarTurnoTestConFechaPreviaAFechaApertura" storage="c:\users\martin\proyectos\checkin turnos\dbturnos test\bin\debug\dbturnos test.dll" id="dfee3c4b-9899-f49f-6f29-1050e756db1a">
      <Execution id="6605271c-e240-46c1-802b-b82dbb1ace5f" />
      <TestMethod codeBase="C:/Users/Martin/Proyectos/CheckIn Turnos/dbTurnos Test/bin/Debug/dbTurnos Test.DLL" adapterTypeName="Microsoft.VisualStudio.TestTools.TestTypes.Unit.UnitTestAdapter, Microsoft.VisualStudio.QualityTools.Tips.UnitTest.Adapter, Version=10.0.0.0, Culture=neutral, PublicKeyToken=b03f5f7f11d50a3a" className="dbTurnos_Test.InterfazDbTest, dbTurnos Test, Version=1.0.0.0, Culture=neutral, PublicKeyToken=null" name="CerrarTurnoTestConFechaPreviaAFechaApertura" />
    </UnitTest>
  </TestDefinitions>
  <TestLists>
    <TestList name="Resultados que no están en la lista" id="8c84fa94-04c1-424b-9868-57a2d4851a1d" />
    <TestList name="Todos los resultados cargados" id="19431567-8539-422a-85d7-44ee4e166bda" />
  </TestLists>
  <TestEntries>
    <TestEntry testId="0befebb5-7ef8-4daa-1eaa-9dd9bf1053f2" executionId="4679cc75-c8ec-404f-acac-1c09e8878d75" testListId="8c84fa94-04c1-424b-9868-57a2d4851a1d" />
    <TestEntry testId="16b2fd6e-85b7-9089-7db0-95a134403942" executionId="ca761922-3d8e-4785-b3f0-ebcd0309ff3e" testListId="8c84fa94-04c1-424b-9868-57a2d4851a1d" />
    <TestEntry testId="17847006-8c7c-7180-aaae-d757e42f71ba" executionId="3e910170-dada-4efe-98b1-9cb1761974d1" testListId="8c84fa94-04c1-424b-9868-57a2d4851a1d" />
    <TestEntry testId="2d363802-f4a1-6709-a5e4-7c1da0e19126" executionId="3ea7bb2e-abca-423b-b778-0e0c5a1b63aa" testListId="8c84fa94-04c1-424b-9868-57a2d4851a1d" />
    <TestEntry testId="5fecd3b2-f296-46a9-3876-9fa64c10c32c" executionId="e0ad5176-6359-4a17-b868-d6f127cf9e01" testListId="8c84fa94-04c1-424b-9868-57a2d4851a1d" />
    <TestEntry testId="768c2340-e2d3-8168-2e0d-e1eb9fbd10ff" executionId="36968f5b-e4c5-4cda-a70e-ab9af4b011ad" testListId="8c84fa94-04c1-424b-9868-57a2d4851a1d" />
    <TestEntry testId="dfee3c4b-9899-f49f-6f29-1050e756db1a" executionId="6605271c-e240-46c1-802b-b82dbb1ace5f" testListId="8c84fa94-04c1-424b-9868-57a2d4851a1d" />
    <TestEntry testId="eec8d396-a7a0-156d-8edc-4e9e8f3084c5" executionId="ecff1303-3447-415e-b8f0-18926e6a8929" testListId="8c84fa94-04c1-424b-9868-57a2d4851a1d" />
  </TestEntries>
  <Results>
    <UnitTestResult executionId="4679cc75-c8ec-404f-acac-1c09e8878d75" testId="0befebb5-7ef8-4daa-1eaa-9dd9bf1053f2" testName="CambiarContraseñaTest" computerName="MARTIN-W7" duration="00:00:00.8485637" startTime="2011-12-11T16:30:47.5561892-03:00" endTime="2011-12-11T16:30:49.0632754-03:00" testType="13cdc9d9-ddb5-4fa4-a97d-d965ccfc6d4b" outcome="Passed" testListId="8c84fa94-04c1-424b-9868-57a2d4851a1d" relativeResultsDirectory="4679cc75-c8ec-404f-acac-1c09e8878d75">
    </UnitTestResult>
    <UnitTestResult executionId="ca761922-3d8e-4785-b3f0-ebcd0309ff3e" testId="16b2fd6e-85b7-9089-7db0-95a134403942" testName="AbrirTurnoTestConUnoYaAbierto" computerName="MARTIN-W7" duration="00:00:17.0399746" startTime="2011-12-11T16:30:49.0712759-03:00" endTime="2011-12-11T16:31:06.1112505-03:00" testType="13cdc9d9-ddb5-4fa4-a97d-d965ccfc6d4b" outcome="Aborted" testListId="8c84fa94-04c1-424b-9868-57a2d4851a1d" relativeResultsDirectory="ca761922-3d8e-4785-b3f0-ebcd0309ff3e">
    </UnitTestResult>
    <UnitTestResult executionId="3e910170-dada-4efe-98b1-9cb1761974d1" testId="17847006-8c7c-7180-aaae-d757e42f71ba" testName="IdentificarFallaParUsuarioContraseñaTest" computerName="MARTIN-W7" testType="13cdc9d9-ddb5-4fa4-a97d-d965ccfc6d4b" outcome="NotExecuted" testListId="8c84fa94-04c1-424b-9868-57a2d4851a1d" relativeResultsDirectory="3e910170-dada-4efe-98b1-9cb1761974d1">
    </UnitTestResult>
    <UnitTestResult executionId="3ea7bb2e-abca-423b-b778-0e0c5a1b63aa" testId="2d363802-f4a1-6709-a5e4-7c1da0e19126" testName="AbrirTurnoTest" computerName="MARTIN-W7" testType="13cdc9d9-ddb5-4fa4-a97d-d965ccfc6d4b" outcome="NotExecuted" testListId="8c84fa94-04c1-424b-9868-57a2d4851a1d" relativeResultsDirectory="3ea7bb2e-abca-423b-b778-0e0c5a1b63aa">
    </UnitTestResult>
    <UnitTestResult executionId="e0ad5176-6359-4a17-b868-d6f127cf9e01" testId="5fecd3b2-f296-46a9-3876-9fa64c10c32c" testName="IdentificarTest" computerName="MARTIN-W7" testType="13cdc9d9-ddb5-4fa4-a97d-d965ccfc6d4b" outcome="NotExecuted" testListId="8c84fa94-04c1-424b-9868-57a2d4851a1d" relativeResultsDirectory="e0ad5176-6359-4a17-b868-d6f127cf9e01">
    </UnitTestResult>
    <UnitTestResult executionId="36968f5b-e4c5-4cda-a70e-ab9af4b011ad" testId="768c2340-e2d3-8168-2e0d-e1eb9fbd10ff" testName="CerrarTurnoTest" computerName="MARTIN-W7" testType="13cdc9d9-ddb5-4fa4-a97d-d965ccfc6d4b" outcome="NotExecuted" testListId="8c84fa94-04c1-424b-9868-57a2d4851a1d" relativeResultsDirectory="36968f5b-e4c5-4cda-a70e-ab9af4b011ad">
    </UnitTestResult>
    <UnitTestResult executionId="6605271c-e240-46c1-802b-b82dbb1ace5f" testId="dfee3c4b-9899-f49f-6f29-1050e756db1a" testName="CerrarTurnoTestConFechaPreviaAFechaApertura" computerName="MARTIN-W7" testType="13cdc9d9-ddb5-4fa4-a97d-d965ccfc6d4b" outcome="NotExecuted" testListId="8c84fa94-04c1-424b-9868-57a2d4851a1d" relativeResultsDirectory="6605271c-e240-46c1-802b-b82dbb1ace5f">
    </UnitTestResult>
    <UnitTestResult executionId="ecff1303-3447-415e-b8f0-18926e6a8929" testId="eec8d396-a7a0-156d-8edc-4e9e8f3084c5" testName="CerrarTurnoTestSinTurnoAbierto" computerName="MARTIN-W7" testType="13cdc9d9-ddb5-4fa4-a97d-d965ccfc6d4b" outcome="NotExecuted" testListId="8c84fa94-04c1-424b-9868-57a2d4851a1d" relativeResultsDirectory="ecff1303-3447-415e-b8f0-18926e6a8929">
    </UnitTestResult>
  </Results>
</TestRun>