<?xml version="1.0" encoding="UTF-8"?>
<TestRun id="33f5cab7-8730-469f-ade5-bc5e33e2d0da" name="Martin@MARTIN-W7 2011-12-09 19:06:16" runUser="Martin-W7\Martin" xmlns="http://microsoft.com/schemas/VisualStudio/TeamTest/2010">
  <TestSettings name="Local" id="10f11fbf-a532-4800-8c59-53b7c9bfdb52">
    <Description>Esta es la configuración de pruebas predeterminada para una ejecución de pruebas local.</Description>
    <Deployment enabled="false" runDeploymentRoot="Martin_MARTIN-W7 2011-12-09 19_06_16">
      <DeploymentItem filename="C:\Users\Martin\Proyectos\CheckIn Turnos\db -Turnos\bin\Debug\db -Turnos.dll" />
    </Deployment>
    <Execution>
      <TestTypeSpecific />
      <AgentRule name="Execution Agents">
      </AgentRule>
    </Execution>
  </TestSettings>
  <Times creation="2011-12-09T19:06:16.9205613-03:00" queuing="2011-12-09T19:06:16.9395624-03:00" start="2011-12-09T19:06:16.9495630-03:00" finish="2011-12-09T19:06:25.4930516-03:00" />
  <ResultSummary outcome="Failed">
    <Counters total="5" executed="5" passed="2" error="0" failed="3" timeout="0" aborted="0" inconclusive="0" passedButRunAborted="0" notRunnable="0" notExecuted="0" disconnected="0" warning="0" completed="0" inProgress="0" pending="0" />
  </ResultSummary>
  <TestDefinitions>
    <UnitTest name="AbrirTurnoTest" storage="c:\users\martin\proyectos\checkin turnos\dbturnos test\bin\debug\dbturnos test.dll" id="2d363802-f4a1-6709-a5e4-7c1da0e19126">
      <Execution id="0f017ceb-1b11-4c4d-8af4-c17ba973b3f0" />
      <TestMethod codeBase="C:/Users/Martin/Proyectos/CheckIn Turnos/dbTurnos Test/bin/Debug/dbTurnos Test.DLL" adapterTypeName="Microsoft.VisualStudio.TestTools.TestTypes.Unit.UnitTestAdapter, Microsoft.VisualStudio.QualityTools.Tips.UnitTest.Adapter, Version=10.0.0.0, Culture=neutral, PublicKeyToken=b03f5f7f11d50a3a" className="dbTurnos_Test.InterfazDbTest, dbTurnos Test, Version=1.0.0.0, Culture=neutral, PublicKeyToken=null" name="AbrirTurnoTest" />
    </UnitTest>
    <UnitTest name="CerrarTurnoTest" storage="c:\users\martin\proyectos\checkin turnos\dbturnos test\bin\debug\dbturnos test.dll" id="768c2340-e2d3-8168-2e0d-e1eb9fbd10ff">
      <Execution id="cad83fa5-1c31-46fd-8d16-386d758aabef" />
      <TestMethod codeBase="C:/Users/Martin/Proyectos/CheckIn Turnos/dbTurnos Test/bin/Debug/dbTurnos Test.DLL" adapterTypeName="Microsoft.VisualStudio.TestTools.TestTypes.Unit.UnitTestAdapter, Microsoft.VisualStudio.QualityTools.Tips.UnitTest.Adapter, Version=10.0.0.0, Culture=neutral, PublicKeyToken=b03f5f7f11d50a3a" className="dbTurnos_Test.InterfazDbTest, dbTurnos Test, Version=1.0.0.0, Culture=neutral, PublicKeyToken=null" name="CerrarTurnoTest" />
    </UnitTest>
    <UnitTest name="getTurnosAbiertosTest" storage="c:\users\martin\proyectos\checkin turnos\dbturnos test\bin\debug\dbturnos test.dll" id="1fd7d583-cce7-d201-3f05-dbb6df64a21c">
      <Execution id="30df2721-3623-4dbb-8cac-a46cd5f7b85b" />
      <TestMethod codeBase="C:/Users/Martin/Proyectos/CheckIn Turnos/dbTurnos Test/bin/Debug/dbTurnos Test.DLL" adapterTypeName="Microsoft.VisualStudio.TestTools.TestTypes.Unit.UnitTestAdapter, Microsoft.VisualStudio.QualityTools.Tips.UnitTest.Adapter, Version=10.0.0.0, Culture=neutral, PublicKeyToken=b03f5f7f11d50a3a" className="dbTurnos_Test.InterfazDbTest, dbTurnos Test, Version=1.0.0.0, Culture=neutral, PublicKeyToken=null" name="getTurnosAbiertosTest" />
    </UnitTest>
    <UnitTest name="CambiarContraseñaTest" storage="c:\users\martin\proyectos\checkin turnos\dbturnos test\bin\debug\dbturnos test.dll" id="0befebb5-7ef8-4daa-1eaa-9dd9bf1053f2">
      <Execution id="5c4a4c25-9533-4466-b356-126c7e47677d" />
      <TestMethod codeBase="C:/Users/Martin/Proyectos/CheckIn Turnos/dbTurnos Test/bin/Debug/dbTurnos Test.DLL" adapterTypeName="Microsoft.VisualStudio.TestTools.TestTypes.Unit.UnitTestAdapter, Microsoft.VisualStudio.QualityTools.Tips.UnitTest.Adapter, Version=10.0.0.0, Culture=neutral, PublicKeyToken=b03f5f7f11d50a3a" className="dbTurnos_Test.InterfazDbTest, dbTurnos Test, Version=1.0.0.0, Culture=neutral, PublicKeyToken=null" name="CambiarContraseñaTest" />
    </UnitTest>
    <UnitTest name="IdentificarTest" storage="c:\users\martin\proyectos\checkin turnos\dbturnos test\bin\debug\dbturnos test.dll" id="5fecd3b2-f296-46a9-3876-9fa64c10c32c">
      <Execution id="2a8ead4c-d79a-4a31-b7b5-ac3628328b27" />
      <TestMethod codeBase="C:/Users/Martin/Proyectos/CheckIn Turnos/dbTurnos Test/bin/Debug/dbTurnos Test.DLL" adapterTypeName="Microsoft.VisualStudio.TestTools.TestTypes.Unit.UnitTestAdapter, Microsoft.VisualStudio.QualityTools.Tips.UnitTest.Adapter, Version=10.0.0.0, Culture=neutral, PublicKeyToken=b03f5f7f11d50a3a" className="dbTurnos_Test.InterfazDbTest, dbTurnos Test, Version=1.0.0.0, Culture=neutral, PublicKeyToken=null" name="IdentificarTest" />
    </UnitTest>
  </TestDefinitions>
  <TestLists>
    <TestList name="Resultados que no están en la lista" id="8c84fa94-04c1-424b-9868-57a2d4851a1d" />
    <TestList name="Todos los resultados cargados" id="19431567-8539-422a-85d7-44ee4e166bda" />
  </TestLists>
  <TestEntries>
    <TestEntry testId="0befebb5-7ef8-4daa-1eaa-9dd9bf1053f2" executionId="5c4a4c25-9533-4466-b356-126c7e47677d" testListId="8c84fa94-04c1-424b-9868-57a2d4851a1d" />
    <TestEntry testId="1fd7d583-cce7-d201-3f05-dbb6df64a21c" executionId="30df2721-3623-4dbb-8cac-a46cd5f7b85b" testListId="8c84fa94-04c1-424b-9868-57a2d4851a1d" />
    <TestEntry testId="2d363802-f4a1-6709-a5e4-7c1da0e19126" executionId="0f017ceb-1b11-4c4d-8af4-c17ba973b3f0" testListId="8c84fa94-04c1-424b-9868-57a2d4851a1d" />
    <TestEntry testId="5fecd3b2-f296-46a9-3876-9fa64c10c32c" executionId="2a8ead4c-d79a-4a31-b7b5-ac3628328b27" testListId="8c84fa94-04c1-424b-9868-57a2d4851a1d" />
    <TestEntry testId="768c2340-e2d3-8168-2e0d-e1eb9fbd10ff" executionId="cad83fa5-1c31-46fd-8d16-386d758aabef" testListId="8c84fa94-04c1-424b-9868-57a2d4851a1d" />
  </TestEntries>
  <Results>
    <UnitTestResult executionId="5c4a4c25-9533-4466-b356-126c7e47677d" testId="0befebb5-7ef8-4daa-1eaa-9dd9bf1053f2" testName="CambiarContraseñaTest" computerName="MARTIN-W7" duration="00:00:05.1865542" startTime="2011-12-09T19:06:16.9525632-03:00" endTime="2011-12-09T19:06:22.3658728-03:00" testType="13cdc9d9-ddb5-4fa4-a97d-d965ccfc6d4b" outcome="Failed" testListId="8c84fa94-04c1-424b-9868-57a2d4851a1d" relativeResultsDirectory="5c4a4c25-9533-4466-b356-126c7e47677d">
      <Output>
        <ErrorInfo>
          <Message>Error de Assert.AreEqual. Se esperaba &lt;0&gt;, pero es &lt;-1&gt;. </Message>
          <StackTrace>   en dbTurnos_Test.InterfazDbTest.CambiarContraseñaTest() en C:\Users\Martin\Proyectos\CheckIn Turnos\dbTurnos Test\InterfazDbTest.cs:línea 112
</StackTrace>
        </ErrorInfo>
      </Output>
    </UnitTestResult>
    <UnitTestResult executionId="30df2721-3623-4dbb-8cac-a46cd5f7b85b" testId="1fd7d583-cce7-d201-3f05-dbb6df64a21c" testName="getTurnosAbiertosTest" computerName="MARTIN-W7" duration="00:00:00.1491557" startTime="2011-12-09T19:06:22.3808736-03:00" endTime="2011-12-09T19:06:22.5358825-03:00" testType="13cdc9d9-ddb5-4fa4-a97d-d965ccfc6d4b" outcome="Failed" testListId="8c84fa94-04c1-424b-9868-57a2d4851a1d" relativeResultsDirectory="30df2721-3623-4dbb-8cac-a46cd5f7b85b">
      <Output>
        <ErrorInfo>
          <Message>Error de Assert.AreEqual. Se esperaba &lt;(null)&gt;, pero es &lt;&gt;. </Message>
          <StackTrace>   en dbTurnos_Test.InterfazDbTest.getTurnosAbiertosTest() en C:\Users\Martin\Proyectos\CheckIn Turnos\dbTurnos Test\InterfazDbTest.cs:línea 78
</StackTrace>
        </ErrorInfo>
      </Output>
    </UnitTestResult>
    <UnitTestResult executionId="0f017ceb-1b11-4c4d-8af4-c17ba973b3f0" testId="2d363802-f4a1-6709-a5e4-7c1da0e19126" testName="AbrirTurnoTest" computerName="MARTIN-W7" duration="00:00:02.3246909" startTime="2011-12-09T19:06:22.5378826-03:00" endTime="2011-12-09T19:06:24.8710161-03:00" testType="13cdc9d9-ddb5-4fa4-a97d-d965ccfc6d4b" outcome="Passed" testListId="8c84fa94-04c1-424b-9868-57a2d4851a1d" relativeResultsDirectory="0f017ceb-1b11-4c4d-8af4-c17ba973b3f0">
    </UnitTestResult>
    <UnitTestResult executionId="2a8ead4c-d79a-4a31-b7b5-ac3628328b27" testId="5fecd3b2-f296-46a9-3876-9fa64c10c32c" testName="IdentificarTest" computerName="MARTIN-W7" duration="00:00:00.1432217" startTime="2011-12-09T19:06:24.8740162-03:00" endTime="2011-12-09T19:06:25.0340254-03:00" testType="13cdc9d9-ddb5-4fa4-a97d-d965ccfc6d4b" outcome="Passed" testListId="8c84fa94-04c1-424b-9868-57a2d4851a1d" relativeResultsDirectory="2a8ead4c-d79a-4a31-b7b5-ac3628328b27">
    </UnitTestResult>
    <UnitTestResult executionId="cad83fa5-1c31-46fd-8d16-386d758aabef" testId="768c2340-e2d3-8168-2e0d-e1eb9fbd10ff" testName="CerrarTurnoTest" computerName="MARTIN-W7" duration="00:00:00.1450182" startTime="2011-12-09T19:06:25.0370256-03:00" endTime="2011-12-09T19:06:25.1860341-03:00" testType="13cdc9d9-ddb5-4fa4-a97d-d965ccfc6d4b" outcome="Failed" testListId="8c84fa94-04c1-424b-9868-57a2d4851a1d" relativeResultsDirectory="cad83fa5-1c31-46fd-8d16-386d758aabef">
      <Output>
        <ErrorInfo>
          <Message>El método de prueba dbTurnos_Test.InterfazDbTest.CerrarTurnoTest produjo la excepción: 
System.Data.OleDb.OleDbException: Error de sintaxis (coma) en la expresión de consulta 'fechaInicio = '20100101', fechaFin is Null, idUsuario = 1'.</Message>
          <StackTrace>    en dbTurnos.DataSQL.AutoGeneratedDataTable.Refrescar() en C:\Users\Martin\Proyectos\CheckIn Turnos\db -Turnos\AutoGeneratedDataTable.cs:línea 43
   en dbTurnos.DataSQL.AutoGeneratedDataTable..ctor(String consulta) en C:\Users\Martin\Proyectos\CheckIn Turnos\db -Turnos\AutoGeneratedDataTable.cs:línea 22
   en dbTurnos_Test.InterfazDbTest.CerrarTurnoTest() en C:\Users\Martin\Proyectos\CheckIn Turnos\dbTurnos Test\InterfazDbTest.cs:línea 142
</StackTrace>
        </ErrorInfo>
      </Output>
    </UnitTestResult>
  </Results>
</TestRun>