<?xml version="1.0" encoding="UTF-8"?>
<TestRun id="b58e7b93-323c-4685-886f-f1d3177890f3" name="Martin@MARTIN-W7 2011-12-09 18:06:39" runUser="Martin-W7\Martin" xmlns="http://microsoft.com/schemas/VisualStudio/TeamTest/2010">
  <TestSettings name="Local" id="10f11fbf-a532-4800-8c59-53b7c9bfdb52">
    <Description>Esta es la configuración de pruebas predeterminada para una ejecución de pruebas local.</Description>
    <Deployment enabled="false" runDeploymentRoot="Martin_MARTIN-W7 2011-12-09 18_06_39">
      <DeploymentItem filename="C:\Users\Martin\Proyectos\CheckIn Turnos\db -Turnos\bin\Debug\db -Turnos.dll" />
    </Deployment>
    <Execution>
      <TestTypeSpecific />
      <AgentRule name="Execution Agents">
      </AgentRule>
    </Execution>
  </TestSettings>
  <Times creation="2011-12-09T18:06:39.8489229-03:00" queuing="2011-12-09T18:06:39.8659239-03:00" start="2011-12-09T18:06:39.8799247-03:00" finish="2011-12-09T18:06:41.3730101-03:00" />
  <ResultSummary outcome="Failed">
    <Counters total="5" executed="5" passed="2" error="0" failed="3" timeout="0" aborted="0" inconclusive="0" passedButRunAborted="0" notRunnable="0" notExecuted="0" disconnected="0" warning="0" completed="0" inProgress="0" pending="0" />
  </ResultSummary>
  <TestDefinitions>
    <UnitTest name="AbrirTurnoTest" storage="c:\users\martin\proyectos\checkin turnos\dbturnos test\bin\debug\dbturnos test.dll" id="2d363802-f4a1-6709-a5e4-7c1da0e19126">
      <Execution id="27a6a3fe-5cf2-4e1a-b3fb-8271877157a7" />
      <TestMethod codeBase="C:/Users/Martin/Proyectos/CheckIn Turnos/dbTurnos Test/bin/Debug/dbTurnos Test.DLL" adapterTypeName="Microsoft.VisualStudio.TestTools.TestTypes.Unit.UnitTestAdapter, Microsoft.VisualStudio.QualityTools.Tips.UnitTest.Adapter, Version=10.0.0.0, Culture=neutral, PublicKeyToken=b03f5f7f11d50a3a" className="dbTurnos_Test.InterfazDbTest, dbTurnos Test, Version=1.0.0.0, Culture=neutral, PublicKeyToken=null" name="AbrirTurnoTest" />
    </UnitTest>
    <UnitTest name="CerrarTurnoTest" storage="c:\users\martin\proyectos\checkin turnos\dbturnos test\bin\debug\dbturnos test.dll" id="768c2340-e2d3-8168-2e0d-e1eb9fbd10ff">
      <Execution id="372671b8-3806-472b-a833-230db576fcac" />
      <TestMethod codeBase="C:/Users/Martin/Proyectos/CheckIn Turnos/dbTurnos Test/bin/Debug/dbTurnos Test.DLL" adapterTypeName="Microsoft.VisualStudio.TestTools.TestTypes.Unit.UnitTestAdapter, Microsoft.VisualStudio.QualityTools.Tips.UnitTest.Adapter, Version=10.0.0.0, Culture=neutral, PublicKeyToken=b03f5f7f11d50a3a" className="dbTurnos_Test.InterfazDbTest, dbTurnos Test, Version=1.0.0.0, Culture=neutral, PublicKeyToken=null" name="CerrarTurnoTest" />
    </UnitTest>
    <UnitTest name="getTurnosAbiertosTest" storage="c:\users\martin\proyectos\checkin turnos\dbturnos test\bin\debug\dbturnos test.dll" id="1fd7d583-cce7-d201-3f05-dbb6df64a21c">
      <Execution id="8d38d894-7ecb-43d7-ba26-3d6335e37056" />
      <TestMethod codeBase="C:/Users/Martin/Proyectos/CheckIn Turnos/dbTurnos Test/bin/Debug/dbTurnos Test.DLL" adapterTypeName="Microsoft.VisualStudio.TestTools.TestTypes.Unit.UnitTestAdapter, Microsoft.VisualStudio.QualityTools.Tips.UnitTest.Adapter, Version=10.0.0.0, Culture=neutral, PublicKeyToken=b03f5f7f11d50a3a" className="dbTurnos_Test.InterfazDbTest, dbTurnos Test, Version=1.0.0.0, Culture=neutral, PublicKeyToken=null" name="getTurnosAbiertosTest" />
    </UnitTest>
    <UnitTest name="CambiarContraseñaTest" storage="c:\users\martin\proyectos\checkin turnos\dbturnos test\bin\debug\dbturnos test.dll" id="0befebb5-7ef8-4daa-1eaa-9dd9bf1053f2">
      <Execution id="04a26bee-4570-4a0b-b335-d5b936a4f5ec" />
      <TestMethod codeBase="C:/Users/Martin/Proyectos/CheckIn Turnos/dbTurnos Test/bin/Debug/dbTurnos Test.DLL" adapterTypeName="Microsoft.VisualStudio.TestTools.TestTypes.Unit.UnitTestAdapter, Microsoft.VisualStudio.QualityTools.Tips.UnitTest.Adapter, Version=10.0.0.0, Culture=neutral, PublicKeyToken=b03f5f7f11d50a3a" className="dbTurnos_Test.InterfazDbTest, dbTurnos Test, Version=1.0.0.0, Culture=neutral, PublicKeyToken=null" name="CambiarContraseñaTest" />
    </UnitTest>
    <UnitTest name="IdentificarTest" storage="c:\users\martin\proyectos\checkin turnos\dbturnos test\bin\debug\dbturnos test.dll" id="5fecd3b2-f296-46a9-3876-9fa64c10c32c">
      <Execution id="f4aa1d4a-013a-4355-ba68-abef5367fe64" />
      <TestMethod codeBase="C:/Users/Martin/Proyectos/CheckIn Turnos/dbTurnos Test/bin/Debug/dbTurnos Test.DLL" adapterTypeName="Microsoft.VisualStudio.TestTools.TestTypes.Unit.UnitTestAdapter, Microsoft.VisualStudio.QualityTools.Tips.UnitTest.Adapter, Version=10.0.0.0, Culture=neutral, PublicKeyToken=b03f5f7f11d50a3a" className="dbTurnos_Test.InterfazDbTest, dbTurnos Test, Version=1.0.0.0, Culture=neutral, PublicKeyToken=null" name="IdentificarTest" />
    </UnitTest>
  </TestDefinitions>
  <TestLists>
    <TestList name="Resultados que no están en la lista" id="8c84fa94-04c1-424b-9868-57a2d4851a1d" />
    <TestList name="Todos los resultados cargados" id="19431567-8539-422a-85d7-44ee4e166bda" />
  </TestLists>
  <TestEntries>
    <TestEntry testId="0befebb5-7ef8-4daa-1eaa-9dd9bf1053f2" executionId="04a26bee-4570-4a0b-b335-d5b936a4f5ec" testListId="8c84fa94-04c1-424b-9868-57a2d4851a1d" />
    <TestEntry testId="1fd7d583-cce7-d201-3f05-dbb6df64a21c" executionId="8d38d894-7ecb-43d7-ba26-3d6335e37056" testListId="8c84fa94-04c1-424b-9868-57a2d4851a1d" />
    <TestEntry testId="2d363802-f4a1-6709-a5e4-7c1da0e19126" executionId="27a6a3fe-5cf2-4e1a-b3fb-8271877157a7" testListId="8c84fa94-04c1-424b-9868-57a2d4851a1d" />
    <TestEntry testId="5fecd3b2-f296-46a9-3876-9fa64c10c32c" executionId="f4aa1d4a-013a-4355-ba68-abef5367fe64" testListId="8c84fa94-04c1-424b-9868-57a2d4851a1d" />
    <TestEntry testId="768c2340-e2d3-8168-2e0d-e1eb9fbd10ff" executionId="372671b8-3806-472b-a833-230db576fcac" testListId="8c84fa94-04c1-424b-9868-57a2d4851a1d" />
  </TestEntries>
  <Results>
    <UnitTestResult executionId="04a26bee-4570-4a0b-b335-d5b936a4f5ec" testId="0befebb5-7ef8-4daa-1eaa-9dd9bf1053f2" testName="CambiarContraseñaTest" computerName="MARTIN-W7" duration="00:00:00.3362369" startTime="2011-12-09T18:06:39.8849250-03:00" endTime="2011-12-09T18:06:40.4889595-03:00" testType="13cdc9d9-ddb5-4fa4-a97d-d965ccfc6d4b" outcome="Passed" testListId="8c84fa94-04c1-424b-9868-57a2d4851a1d" relativeResultsDirectory="04a26bee-4570-4a0b-b335-d5b936a4f5ec">
    </UnitTestResult>
    <UnitTestResult executionId="8d38d894-7ecb-43d7-ba26-3d6335e37056" testId="1fd7d583-cce7-d201-3f05-dbb6df64a21c" testName="getTurnosAbiertosTest" computerName="MARTIN-W7" duration="00:00:00.1752151" startTime="2011-12-09T18:06:40.4909597-03:00" endTime="2011-12-09T18:06:40.6719700-03:00" testType="13cdc9d9-ddb5-4fa4-a97d-d965ccfc6d4b" outcome="Failed" testListId="8c84fa94-04c1-424b-9868-57a2d4851a1d" relativeResultsDirectory="8d38d894-7ecb-43d7-ba26-3d6335e37056">
      <Output>
        <ErrorInfo>
          <Message>Error de Assert.AreEqual. Se esperaba &lt;(null)&gt;, pero es &lt;&gt;. </Message>
          <StackTrace>   en dbTurnos_Test.InterfazDbTest.getTurnosAbiertosTest() en C:\Users\Martin\Proyectos\CheckIn Turnos\dbTurnos Test\InterfazDbTest.cs:línea 78
</StackTrace>
        </ErrorInfo>
      </Output>
    </UnitTestResult>
    <UnitTestResult executionId="27a6a3fe-5cf2-4e1a-b3fb-8271877157a7" testId="2d363802-f4a1-6709-a5e4-7c1da0e19126" testName="AbrirTurnoTest" computerName="MARTIN-W7" duration="00:00:00.1411779" startTime="2011-12-09T18:06:40.6739701-03:00" endTime="2011-12-09T18:06:40.8209785-03:00" testType="13cdc9d9-ddb5-4fa4-a97d-d965ccfc6d4b" outcome="Failed" testListId="8c84fa94-04c1-424b-9868-57a2d4851a1d" relativeResultsDirectory="27a6a3fe-5cf2-4e1a-b3fb-8271877157a7">
      <Output>
        <ErrorInfo>
          <Message>El método de prueba dbTurnos_Test.InterfazDbTest.AbrirTurnoTest produjo la excepción: 
System.Data.OleDb.OleDbException: Error de sintaxis (coma) en la expresión de consulta 'fechaInicio = '20100101', fechaFin is Null, idUsuario = 1'.</Message>
          <StackTrace>    en dbTurnos.DataSQL.AutoGeneratedDataTable.Refrescar() en C:\Users\Martin\Proyectos\CheckIn Turnos\db -Turnos\AutoGeneratedDataTable.cs:línea 38
   en dbTurnos.DataSQL.AutoGeneratedDataTable..ctor(String consulta) en C:\Users\Martin\Proyectos\CheckIn Turnos\db -Turnos\AutoGeneratedDataTable.cs:línea 23
   en dbTurnos_Test.InterfazDbTest.AbrirTurnoTest() en C:\Users\Martin\Proyectos\CheckIn Turnos\dbTurnos Test\InterfazDbTest.cs:línea 122
</StackTrace>
        </ErrorInfo>
      </Output>
    </UnitTestResult>
    <UnitTestResult executionId="f4aa1d4a-013a-4355-ba68-abef5367fe64" testId="5fecd3b2-f296-46a9-3876-9fa64c10c32c" testName="IdentificarTest" computerName="MARTIN-W7" duration="00:00:00.1389442" startTime="2011-12-09T18:06:40.8229786-03:00" endTime="2011-12-09T18:06:40.9669869-03:00" testType="13cdc9d9-ddb5-4fa4-a97d-d965ccfc6d4b" outcome="Passed" testListId="8c84fa94-04c1-424b-9868-57a2d4851a1d" relativeResultsDirectory="f4aa1d4a-013a-4355-ba68-abef5367fe64">
    </UnitTestResult>
    <UnitTestResult executionId="372671b8-3806-472b-a833-230db576fcac" testId="768c2340-e2d3-8168-2e0d-e1eb9fbd10ff" testName="CerrarTurnoTest" computerName="MARTIN-W7" duration="00:00:00.1339563" startTime="2011-12-09T18:06:40.9719872-03:00" endTime="2011-12-09T18:06:41.1099951-03:00" testType="13cdc9d9-ddb5-4fa4-a97d-d965ccfc6d4b" outcome="Failed" testListId="8c84fa94-04c1-424b-9868-57a2d4851a1d" relativeResultsDirectory="372671b8-3806-472b-a833-230db576fcac">
      <Output>
        <ErrorInfo>
          <Message>El método de prueba dbTurnos_Test.InterfazDbTest.CerrarTurnoTest produjo la excepción: 
System.Data.OleDb.OleDbException: Error de sintaxis (coma) en la expresión de consulta 'fechaInicio = '20100101', fechaFin is Null, idUsuario = 1'.</Message>
          <StackTrace>    en dbTurnos.DataSQL.AutoGeneratedDataTable.Refrescar() en C:\Users\Martin\Proyectos\CheckIn Turnos\db -Turnos\AutoGeneratedDataTable.cs:línea 38
   en dbTurnos.DataSQL.AutoGeneratedDataTable..ctor(String consulta) en C:\Users\Martin\Proyectos\CheckIn Turnos\db -Turnos\AutoGeneratedDataTable.cs:línea 23
   en dbTurnos_Test.InterfazDbTest.CerrarTurnoTest() en C:\Users\Martin\Proyectos\CheckIn Turnos\dbTurnos Test\InterfazDbTest.cs:línea 139
</StackTrace>
        </ErrorInfo>
      </Output>
    </UnitTestResult>
  </Results>
</TestRun>