<?xml version="1.0" encoding="UTF-8"?>
<TestRun id="09870af3-e270-45d9-8237-ae67ab069f16" name="Martin@MARTIN-W7 2011-12-09 18:37:01" runUser="Martin-W7\Martin" xmlns="http://microsoft.com/schemas/VisualStudio/TeamTest/2010">
  <TestSettings name="Local" id="10f11fbf-a532-4800-8c59-53b7c9bfdb52">
    <Description>Esta es la configuración de pruebas predeterminada para una ejecución de pruebas local.</Description>
    <Deployment enabled="false" runDeploymentRoot="Martin_MARTIN-W7 2011-12-09 18_37_01">
      <DeploymentItem filename="C:\Users\Martin\Proyectos\CheckIn Turnos\db -Turnos\bin\Debug\db -Turnos.dll" />
    </Deployment>
    <Execution>
      <TestTypeSpecific />
      <AgentRule name="Execution Agents">
      </AgentRule>
    </Execution>
  </TestSettings>
  <Times creation="2011-12-09T18:37:01.8751670-03:00" queuing="2011-12-09T18:37:01.9041686-03:00" start="2011-12-09T18:37:01.9221696-03:00" finish="2011-12-09T18:37:03.6712697-03:00" />
  <ResultSummary outcome="Failed">
    <Counters total="5" executed="5" passed="2" error="0" failed="3" timeout="0" aborted="0" inconclusive="0" passedButRunAborted="0" notRunnable="0" notExecuted="0" disconnected="0" warning="0" completed="0" inProgress="0" pending="0" />
  </ResultSummary>
  <TestDefinitions>
    <UnitTest name="AbrirTurnoTest" storage="c:\users\martin\proyectos\checkin turnos\dbturnos test\bin\debug\dbturnos test.dll" id="2d363802-f4a1-6709-a5e4-7c1da0e19126">
      <Execution id="f5501d83-a258-4771-b947-d90af2a23df4" />
      <TestMethod codeBase="C:/Users/Martin/Proyectos/CheckIn Turnos/dbTurnos Test/bin/Debug/dbTurnos Test.DLL" adapterTypeName="Microsoft.VisualStudio.TestTools.TestTypes.Unit.UnitTestAdapter, Microsoft.VisualStudio.QualityTools.Tips.UnitTest.Adapter, Version=10.0.0.0, Culture=neutral, PublicKeyToken=b03f5f7f11d50a3a" className="dbTurnos_Test.InterfazDbTest, dbTurnos Test, Version=1.0.0.0, Culture=neutral, PublicKeyToken=null" name="AbrirTurnoTest" />
    </UnitTest>
    <UnitTest name="CerrarTurnoTest" storage="c:\users\martin\proyectos\checkin turnos\dbturnos test\bin\debug\dbturnos test.dll" id="768c2340-e2d3-8168-2e0d-e1eb9fbd10ff">
      <Execution id="a9dbdd4e-c645-45c8-9d1d-3a36fd81d02b" />
      <TestMethod codeBase="C:/Users/Martin/Proyectos/CheckIn Turnos/dbTurnos Test/bin/Debug/dbTurnos Test.DLL" adapterTypeName="Microsoft.VisualStudio.TestTools.TestTypes.Unit.UnitTestAdapter, Microsoft.VisualStudio.QualityTools.Tips.UnitTest.Adapter, Version=10.0.0.0, Culture=neutral, PublicKeyToken=b03f5f7f11d50a3a" className="dbTurnos_Test.InterfazDbTest, dbTurnos Test, Version=1.0.0.0, Culture=neutral, PublicKeyToken=null" name="CerrarTurnoTest" />
    </UnitTest>
    <UnitTest name="getTurnosAbiertosTest" storage="c:\users\martin\proyectos\checkin turnos\dbturnos test\bin\debug\dbturnos test.dll" id="1fd7d583-cce7-d201-3f05-dbb6df64a21c">
      <Execution id="8df0efc1-84d8-45f8-9f88-ceb1f39162ac" />
      <TestMethod codeBase="C:/Users/Martin/Proyectos/CheckIn Turnos/dbTurnos Test/bin/Debug/dbTurnos Test.DLL" adapterTypeName="Microsoft.VisualStudio.TestTools.TestTypes.Unit.UnitTestAdapter, Microsoft.VisualStudio.QualityTools.Tips.UnitTest.Adapter, Version=10.0.0.0, Culture=neutral, PublicKeyToken=b03f5f7f11d50a3a" className="dbTurnos_Test.InterfazDbTest, dbTurnos Test, Version=1.0.0.0, Culture=neutral, PublicKeyToken=null" name="getTurnosAbiertosTest" />
    </UnitTest>
    <UnitTest name="CambiarContraseñaTest" storage="c:\users\martin\proyectos\checkin turnos\dbturnos test\bin\debug\dbturnos test.dll" id="0befebb5-7ef8-4daa-1eaa-9dd9bf1053f2">
      <Execution id="040af831-4b5d-4630-938f-6f9e9486bbd7" />
      <TestMethod codeBase="C:/Users/Martin/Proyectos/CheckIn Turnos/dbTurnos Test/bin/Debug/dbTurnos Test.DLL" adapterTypeName="Microsoft.VisualStudio.TestTools.TestTypes.Unit.UnitTestAdapter, Microsoft.VisualStudio.QualityTools.Tips.UnitTest.Adapter, Version=10.0.0.0, Culture=neutral, PublicKeyToken=b03f5f7f11d50a3a" className="dbTurnos_Test.InterfazDbTest, dbTurnos Test, Version=1.0.0.0, Culture=neutral, PublicKeyToken=null" name="CambiarContraseñaTest" />
    </UnitTest>
    <UnitTest name="IdentificarTest" storage="c:\users\martin\proyectos\checkin turnos\dbturnos test\bin\debug\dbturnos test.dll" id="5fecd3b2-f296-46a9-3876-9fa64c10c32c">
      <Execution id="3f713ff8-df7c-4bda-9be8-be53d1c9aed4" />
      <TestMethod codeBase="C:/Users/Martin/Proyectos/CheckIn Turnos/dbTurnos Test/bin/Debug/dbTurnos Test.DLL" adapterTypeName="Microsoft.VisualStudio.TestTools.TestTypes.Unit.UnitTestAdapter, Microsoft.VisualStudio.QualityTools.Tips.UnitTest.Adapter, Version=10.0.0.0, Culture=neutral, PublicKeyToken=b03f5f7f11d50a3a" className="dbTurnos_Test.InterfazDbTest, dbTurnos Test, Version=1.0.0.0, Culture=neutral, PublicKeyToken=null" name="IdentificarTest" />
    </UnitTest>
  </TestDefinitions>
  <TestLists>
    <TestList name="Resultados que no están en la lista" id="8c84fa94-04c1-424b-9868-57a2d4851a1d" />
    <TestList name="Todos los resultados cargados" id="19431567-8539-422a-85d7-44ee4e166bda" />
  </TestLists>
  <TestEntries>
    <TestEntry testId="0befebb5-7ef8-4daa-1eaa-9dd9bf1053f2" executionId="040af831-4b5d-4630-938f-6f9e9486bbd7" testListId="8c84fa94-04c1-424b-9868-57a2d4851a1d" />
    <TestEntry testId="1fd7d583-cce7-d201-3f05-dbb6df64a21c" executionId="8df0efc1-84d8-45f8-9f88-ceb1f39162ac" testListId="8c84fa94-04c1-424b-9868-57a2d4851a1d" />
    <TestEntry testId="2d363802-f4a1-6709-a5e4-7c1da0e19126" executionId="f5501d83-a258-4771-b947-d90af2a23df4" testListId="8c84fa94-04c1-424b-9868-57a2d4851a1d" />
    <TestEntry testId="5fecd3b2-f296-46a9-3876-9fa64c10c32c" executionId="3f713ff8-df7c-4bda-9be8-be53d1c9aed4" testListId="8c84fa94-04c1-424b-9868-57a2d4851a1d" />
    <TestEntry testId="768c2340-e2d3-8168-2e0d-e1eb9fbd10ff" executionId="a9dbdd4e-c645-45c8-9d1d-3a36fd81d02b" testListId="8c84fa94-04c1-424b-9868-57a2d4851a1d" />
  </TestEntries>
  <Results>
    <UnitTestResult executionId="040af831-4b5d-4630-938f-6f9e9486bbd7" testId="0befebb5-7ef8-4daa-1eaa-9dd9bf1053f2" testName="CambiarContraseñaTest" computerName="MARTIN-W7" duration="00:00:00.3116652" startTime="2011-12-09T18:37:01.9571716-03:00" endTime="2011-12-09T18:37:02.5142035-03:00" testType="13cdc9d9-ddb5-4fa4-a97d-d965ccfc6d4b" outcome="Passed" testListId="8c84fa94-04c1-424b-9868-57a2d4851a1d" relativeResultsDirectory="040af831-4b5d-4630-938f-6f9e9486bbd7">
    </UnitTestResult>
    <UnitTestResult executionId="8df0efc1-84d8-45f8-9f88-ceb1f39162ac" testId="1fd7d583-cce7-d201-3f05-dbb6df64a21c" testName="getTurnosAbiertosTest" computerName="MARTIN-W7" duration="00:00:00.1610975" startTime="2011-12-09T18:37:02.5172037-03:00" endTime="2011-12-09T18:37:02.6822131-03:00" testType="13cdc9d9-ddb5-4fa4-a97d-d965ccfc6d4b" outcome="Failed" testListId="8c84fa94-04c1-424b-9868-57a2d4851a1d" relativeResultsDirectory="8df0efc1-84d8-45f8-9f88-ceb1f39162ac">
      <Output>
        <ErrorInfo>
          <Message>Error de Assert.AreEqual. Se esperaba &lt;(null)&gt;, pero es &lt;&gt;. </Message>
          <StackTrace>   en dbTurnos_Test.InterfazDbTest.getTurnosAbiertosTest() en C:\Users\Martin\Proyectos\CheckIn Turnos\dbTurnos Test\InterfazDbTest.cs:línea 78
</StackTrace>
        </ErrorInfo>
      </Output>
    </UnitTestResult>
    <UnitTestResult executionId="f5501d83-a258-4771-b947-d90af2a23df4" testId="2d363802-f4a1-6709-a5e4-7c1da0e19126" testName="AbrirTurnoTest" computerName="MARTIN-W7" duration="00:00:00.5644577" startTime="2011-12-09T18:37:02.6852133-03:00" endTime="2011-12-09T18:37:03.2542458-03:00" testType="13cdc9d9-ddb5-4fa4-a97d-d965ccfc6d4b" outcome="Failed" testListId="8c84fa94-04c1-424b-9868-57a2d4851a1d" relativeResultsDirectory="f5501d83-a258-4771-b947-d90af2a23df4">
      <Output>
        <ErrorInfo>
          <Message>Error de Assert.AreEqual. Se esperaba &lt;3&gt;, pero es &lt;6&gt;. </Message>
          <StackTrace>   en dbTurnos_Test.InterfazDbTest.AbrirTurnoTest() en C:\Users\Martin\Proyectos\CheckIn Turnos\dbTurnos Test\InterfazDbTest.cs:línea 126
</StackTrace>
        </ErrorInfo>
      </Output>
    </UnitTestResult>
    <UnitTestResult executionId="3f713ff8-df7c-4bda-9be8-be53d1c9aed4" testId="5fecd3b2-f296-46a9-3876-9fa64c10c32c" testName="IdentificarTest" computerName="MARTIN-W7" duration="00:00:00.1350920" startTime="2011-12-09T18:37:03.2562460-03:00" endTime="2011-12-09T18:37:03.4022543-03:00" testType="13cdc9d9-ddb5-4fa4-a97d-d965ccfc6d4b" outcome="Passed" testListId="8c84fa94-04c1-424b-9868-57a2d4851a1d" relativeResultsDirectory="3f713ff8-df7c-4bda-9be8-be53d1c9aed4">
    </UnitTestResult>
    <UnitTestResult executionId="a9dbdd4e-c645-45c8-9d1d-3a36fd81d02b" testId="768c2340-e2d3-8168-2e0d-e1eb9fbd10ff" testName="CerrarTurnoTest" computerName="MARTIN-W7" duration="00:00:00.1386717" startTime="2011-12-09T18:37:03.4062545-03:00" endTime="2011-12-09T18:37:03.5502628-03:00" testType="13cdc9d9-ddb5-4fa4-a97d-d965ccfc6d4b" outcome="Failed" testListId="8c84fa94-04c1-424b-9868-57a2d4851a1d" relativeResultsDirectory="a9dbdd4e-c645-45c8-9d1d-3a36fd81d02b">
      <Output>
        <ErrorInfo>
          <Message>El método de prueba dbTurnos_Test.InterfazDbTest.CerrarTurnoTest produjo la excepción: 
System.Data.OleDb.OleDbException: Error de sintaxis (coma) en la expresión de consulta 'fechaInicio = '20100101', fechaFin is Null, idUsuario = 1'.</Message>
          <StackTrace>    en dbTurnos.DataSQL.AutoGeneratedDataTable.Refrescar() en C:\Users\Martin\Proyectos\CheckIn Turnos\db -Turnos\AutoGeneratedDataTable.cs:línea 37
   en dbTurnos.DataSQL.AutoGeneratedDataTable..ctor(String consulta) en C:\Users\Martin\Proyectos\CheckIn Turnos\db -Turnos\AutoGeneratedDataTable.cs:línea 22
   en dbTurnos_Test.InterfazDbTest.CerrarTurnoTest() en C:\Users\Martin\Proyectos\CheckIn Turnos\dbTurnos Test\InterfazDbTest.cs:línea 138
</StackTrace>
        </ErrorInfo>
      </Output>
    </UnitTestResult>
  </Results>
</TestRun>