<?xml version="1.0" encoding="UTF-8"?>
<TestRun id="f647d22a-1f59-4faf-ae2e-15737620f880" name="Martin@MARTIN-W7 2011-12-11 19:54:54" runUser="Martin-W7\Martin" xmlns="http://microsoft.com/schemas/VisualStudio/TeamTest/2010">
  <TestSettings name="Configuración de pruebas predeterminada" id="64fdfe11-ee6d-4542-b312-1fbc857368a6">
    <Deployment runDeploymentRoot="Martin_MARTIN-W7 2011-12-11 19_54_54">
      <DeploymentItem filename="C:\Users\Martin\Proyectos\CheckIn Turnos\db -Turnos\bin\Debug\db -Turnos.dll" />
    </Deployment>
    <Execution>
      <TestTypeSpecific />
      <AgentRule name="Execution Agents">
      </AgentRule>
    </Execution>
  </TestSettings>
  <Times creation="2011-12-11T19:54:54.6646837-03:00" queuing="2011-12-11T19:54:55.4447284-03:00" start="2011-12-11T19:54:55.4897309-03:00" finish="2011-12-11T19:54:56.3707813-03:00" />
  <ResultSummary outcome="Failed">
    <Counters total="8" executed="8" error="0" failed="8" timeout="0" aborted="0" inconclusive="0" passedButRunAborted="0" notRunnable="0" notExecuted="0" disconnected="0" warning="0" passed="0" completed="0" inProgress="0" pending="0" />
  </ResultSummary>
  <TestDefinitions>
    <UnitTest name="CerrarTurnoTestSinTurnoAbierto" storage="c:\users\martin\proyectos\checkin turnos\dbturnos test\bin\debug\dbturnos test.dll" id="eec8d396-a7a0-156d-8edc-4e9e8f3084c5">
      <Execution id="d8c28759-633b-483a-ae4d-5e7edf9c1ada" />
      <TestMethod codeBase="C:/Users/Martin/Proyectos/CheckIn Turnos/dbTurnos Test/bin/Debug/dbTurnos Test.DLL" adapterTypeName="Microsoft.VisualStudio.TestTools.TestTypes.Unit.UnitTestAdapter, Microsoft.VisualStudio.QualityTools.Tips.UnitTest.Adapter, Version=10.0.0.0, Culture=neutral, PublicKeyToken=b03f5f7f11d50a3a" className="dbTurnos_Test.InterfazDbTest, dbTurnos Test, Version=1.0.0.0, Culture=neutral, PublicKeyToken=null" name="CerrarTurnoTestSinTurnoAbierto" />
    </UnitTest>
    <UnitTest name="AbrirTurnoTestConUnoYaAbierto" storage="c:\users\martin\proyectos\checkin turnos\dbturnos test\bin\debug\dbturnos test.dll" id="16b2fd6e-85b7-9089-7db0-95a134403942">
      <Execution id="ec8af614-290d-4098-ae90-48482e80fdd7" />
      <TestMethod codeBase="C:/Users/Martin/Proyectos/CheckIn Turnos/dbTurnos Test/bin/Debug/dbTurnos Test.DLL" adapterTypeName="Microsoft.VisualStudio.TestTools.TestTypes.Unit.UnitTestAdapter, Microsoft.VisualStudio.QualityTools.Tips.UnitTest.Adapter, Version=10.0.0.0, Culture=neutral, PublicKeyToken=b03f5f7f11d50a3a" className="dbTurnos_Test.InterfazDbTest, dbTurnos Test, Version=1.0.0.0, Culture=neutral, PublicKeyToken=null" name="AbrirTurnoTestConUnoYaAbierto" />
    </UnitTest>
    <UnitTest name="IdentificarFallaParUsuarioContraseñaTest" storage="c:\users\martin\proyectos\checkin turnos\dbturnos test\bin\debug\dbturnos test.dll" id="17847006-8c7c-7180-aaae-d757e42f71ba">
      <Execution id="f4fba0bc-b2ac-4405-a69e-cb83e7e7cec9" />
      <TestMethod codeBase="C:/Users/Martin/Proyectos/CheckIn Turnos/dbTurnos Test/bin/Debug/dbTurnos Test.DLL" adapterTypeName="Microsoft.VisualStudio.TestTools.TestTypes.Unit.UnitTestAdapter, Microsoft.VisualStudio.QualityTools.Tips.UnitTest.Adapter, Version=10.0.0.0, Culture=neutral, PublicKeyToken=b03f5f7f11d50a3a" className="dbTurnos_Test.InterfazDbTest, dbTurnos Test, Version=1.0.0.0, Culture=neutral, PublicKeyToken=null" name="IdentificarFallaParUsuarioContraseñaTest" />
    </UnitTest>
    <UnitTest name="CerrarTurnoTest" storage="c:\users\martin\proyectos\checkin turnos\dbturnos test\bin\debug\dbturnos test.dll" id="768c2340-e2d3-8168-2e0d-e1eb9fbd10ff">
      <Execution id="4b16b10b-2262-4f3b-bf99-841cf5f158fd" />
      <TestMethod codeBase="C:/Users/Martin/Proyectos/CheckIn Turnos/dbTurnos Test/bin/Debug/dbTurnos Test.DLL" adapterTypeName="Microsoft.VisualStudio.TestTools.TestTypes.Unit.UnitTestAdapter, Microsoft.VisualStudio.QualityTools.Tips.UnitTest.Adapter, Version=10.0.0.0, Culture=neutral, PublicKeyToken=b03f5f7f11d50a3a" className="dbTurnos_Test.InterfazDbTest, dbTurnos Test, Version=1.0.0.0, Culture=neutral, PublicKeyToken=null" name="CerrarTurnoTest" />
    </UnitTest>
    <UnitTest name="AbrirTurnoTest" storage="c:\users\martin\proyectos\checkin turnos\dbturnos test\bin\debug\dbturnos test.dll" id="2d363802-f4a1-6709-a5e4-7c1da0e19126">
      <Execution id="540acfa8-da7a-4240-8548-aa1147ccd2c1" />
      <TestMethod codeBase="C:/Users/Martin/Proyectos/CheckIn Turnos/dbTurnos Test/bin/Debug/dbTurnos Test.DLL" adapterTypeName="Microsoft.VisualStudio.TestTools.TestTypes.Unit.UnitTestAdapter, Microsoft.VisualStudio.QualityTools.Tips.UnitTest.Adapter, Version=10.0.0.0, Culture=neutral, PublicKeyToken=b03f5f7f11d50a3a" className="dbTurnos_Test.InterfazDbTest, dbTurnos Test, Version=1.0.0.0, Culture=neutral, PublicKeyToken=null" name="AbrirTurnoTest" />
    </UnitTest>
    <UnitTest name="CambiarContraseñaTest" storage="c:\users\martin\proyectos\checkin turnos\dbturnos test\bin\debug\dbturnos test.dll" id="0befebb5-7ef8-4daa-1eaa-9dd9bf1053f2">
      <Execution id="9bd02929-679e-444c-af23-9c78981a5e4e" />
      <TestMethod codeBase="C:/Users/Martin/Proyectos/CheckIn Turnos/dbTurnos Test/bin/Debug/dbTurnos Test.DLL" adapterTypeName="Microsoft.VisualStudio.TestTools.TestTypes.Unit.UnitTestAdapter, Microsoft.VisualStudio.QualityTools.Tips.UnitTest.Adapter, Version=10.0.0.0, Culture=neutral, PublicKeyToken=b03f5f7f11d50a3a" className="dbTurnos_Test.InterfazDbTest, dbTurnos Test, Version=1.0.0.0, Culture=neutral, PublicKeyToken=null" name="CambiarContraseñaTest" />
    </UnitTest>
    <UnitTest name="IdentificarTest" storage="c:\users\martin\proyectos\checkin turnos\dbturnos test\bin\debug\dbturnos test.dll" id="5fecd3b2-f296-46a9-3876-9fa64c10c32c">
      <Execution id="67692a3e-ebe8-42ff-b94f-a14f4f79d174" />
      <TestMethod codeBase="C:/Users/Martin/Proyectos/CheckIn Turnos/dbTurnos Test/bin/Debug/dbTurnos Test.DLL" adapterTypeName="Microsoft.VisualStudio.TestTools.TestTypes.Unit.UnitTestAdapter, Microsoft.VisualStudio.QualityTools.Tips.UnitTest.Adapter, Version=10.0.0.0, Culture=neutral, PublicKeyToken=b03f5f7f11d50a3a" className="dbTurnos_Test.InterfazDbTest, dbTurnos Test, Version=1.0.0.0, Culture=neutral, PublicKeyToken=null" name="IdentificarTest" />
    </UnitTest>
    <UnitTest name="CerrarTurnoTestConFechaPreviaAFechaApertura" storage="c:\users\martin\proyectos\checkin turnos\dbturnos test\bin\debug\dbturnos test.dll" id="dfee3c4b-9899-f49f-6f29-1050e756db1a">
      <Execution id="2bef928a-2817-4e1c-881c-4dedc9b242aa" />
      <TestMethod codeBase="C:/Users/Martin/Proyectos/CheckIn Turnos/dbTurnos Test/bin/Debug/dbTurnos Test.DLL" adapterTypeName="Microsoft.VisualStudio.TestTools.TestTypes.Unit.UnitTestAdapter, Microsoft.VisualStudio.QualityTools.Tips.UnitTest.Adapter, Version=10.0.0.0, Culture=neutral, PublicKeyToken=b03f5f7f11d50a3a" className="dbTurnos_Test.InterfazDbTest, dbTurnos Test, Version=1.0.0.0, Culture=neutral, PublicKeyToken=null" name="CerrarTurnoTestConFechaPreviaAFechaApertura" />
    </UnitTest>
  </TestDefinitions>
  <TestLists>
    <TestList name="Resultados que no están en la lista" id="8c84fa94-04c1-424b-9868-57a2d4851a1d" />
    <TestList name="Todos los resultados cargados" id="19431567-8539-422a-85d7-44ee4e166bda" />
  </TestLists>
  <TestEntries>
    <TestEntry testId="0befebb5-7ef8-4daa-1eaa-9dd9bf1053f2" executionId="9bd02929-679e-444c-af23-9c78981a5e4e" testListId="8c84fa94-04c1-424b-9868-57a2d4851a1d" />
    <TestEntry testId="16b2fd6e-85b7-9089-7db0-95a134403942" executionId="ec8af614-290d-4098-ae90-48482e80fdd7" testListId="8c84fa94-04c1-424b-9868-57a2d4851a1d" />
    <TestEntry testId="17847006-8c7c-7180-aaae-d757e42f71ba" executionId="f4fba0bc-b2ac-4405-a69e-cb83e7e7cec9" testListId="8c84fa94-04c1-424b-9868-57a2d4851a1d" />
    <TestEntry testId="2d363802-f4a1-6709-a5e4-7c1da0e19126" executionId="540acfa8-da7a-4240-8548-aa1147ccd2c1" testListId="8c84fa94-04c1-424b-9868-57a2d4851a1d" />
    <TestEntry testId="5fecd3b2-f296-46a9-3876-9fa64c10c32c" executionId="67692a3e-ebe8-42ff-b94f-a14f4f79d174" testListId="8c84fa94-04c1-424b-9868-57a2d4851a1d" />
    <TestEntry testId="768c2340-e2d3-8168-2e0d-e1eb9fbd10ff" executionId="4b16b10b-2262-4f3b-bf99-841cf5f158fd" testListId="8c84fa94-04c1-424b-9868-57a2d4851a1d" />
    <TestEntry testId="dfee3c4b-9899-f49f-6f29-1050e756db1a" executionId="2bef928a-2817-4e1c-881c-4dedc9b242aa" testListId="8c84fa94-04c1-424b-9868-57a2d4851a1d" />
    <TestEntry testId="eec8d396-a7a0-156d-8edc-4e9e8f3084c5" executionId="d8c28759-633b-483a-ae4d-5e7edf9c1ada" testListId="8c84fa94-04c1-424b-9868-57a2d4851a1d" />
  </TestEntries>
  <Results>
    <UnitTestResult executionId="9bd02929-679e-444c-af23-9c78981a5e4e" testId="0befebb5-7ef8-4daa-1eaa-9dd9bf1053f2" testName="CambiarContraseñaTest" computerName="MARTIN-W7" duration="00:00:00.1568442" startTime="2011-12-11T19:54:55.4587292-03:00" endTime="2011-12-11T19:54:55.9577577-03:00" testType="13cdc9d9-ddb5-4fa4-a97d-d965ccfc6d4b" outcome="Failed" testListId="8c84fa94-04c1-424b-9868-57a2d4851a1d" relativeResultsDirectory="9bd02929-679e-444c-af23-9c78981a5e4e">
      <Output>
        <ErrorInfo>
          <Message>El método de prueba dbTurnos_Test.InterfazDbTest.CambiarContraseñaTest produjo la excepción: 
System.Data.OleDb.OleDbException: No se pudo encontrar el archivo 'C:\Users\Martin\Proyectos\CheckIn Turnos\TestResults\Martin_MARTIN-W7 2011-12-11 19_54_54\Out\Bar Turnos.accdb'.</Message>
          <StackTrace>    en dbTurnos.DataSQL.AutoGeneratedDataTable.Refrescar() en C:\Users\Martin\Proyectos\CheckIn Turnos\db -Turnos\AutoGeneratedDataTable.cs:línea 43
   en dbTurnos.DataSQL.AutoGeneratedDataTable..ctor(String consulta) en C:\Users\Martin\Proyectos\CheckIn Turnos\db -Turnos\AutoGeneratedDataTable.cs:línea 22
   en dbTurnos_Test.InterfazDbTest.CambiarContraseñaTest() en C:\Users\Martin\Proyectos\CheckIn Turnos\dbTurnos Test\InterfazDbTest.cs:línea 94
</StackTrace>
        </ErrorInfo>
      </Output>
    </UnitTestResult>
    <UnitTestResult executionId="ec8af614-290d-4098-ae90-48482e80fdd7" testId="16b2fd6e-85b7-9089-7db0-95a134403942" testName="AbrirTurnoTestConUnoYaAbierto" computerName="MARTIN-W7" duration="00:00:00.0533547" startTime="2011-12-11T19:54:55.9677583-03:00" endTime="2011-12-11T19:54:56.0267617-03:00" testType="13cdc9d9-ddb5-4fa4-a97d-d965ccfc6d4b" outcome="Failed" testListId="8c84fa94-04c1-424b-9868-57a2d4851a1d" relativeResultsDirectory="ec8af614-290d-4098-ae90-48482e80fdd7">
      <Output>
        <ErrorInfo>
          <Message>El método de prueba dbTurnos_Test.InterfazDbTest.AbrirTurnoTestConUnoYaAbierto inició la excepción System.Data.OleDb.OleDbException, pero se esperaba la excepción dbTurnos.Excepciones.YaTieneTurnoAbiertoException. Mensaje de la excepción: System.Data.OleDb.OleDbException: No se pudo encontrar el archivo 'C:\Users\Martin\Proyectos\CheckIn Turnos\TestResults\Martin_MARTIN-W7 2011-12-11 19_54_54\Out\Bar Turnos.accdb'.</Message>
          <StackTrace>    en dbTurnos.DataSQL.AutoGeneratedDataTable.Refrescar() en C:\Users\Martin\Proyectos\CheckIn Turnos\db -Turnos\AutoGeneratedDataTable.cs:línea 43
   en dbTurnos.DataSQL.AutoGeneratedDataTable..ctor(String consulta) en C:\Users\Martin\Proyectos\CheckIn Turnos\db -Turnos\AutoGeneratedDataTable.cs:línea 22
   en dbTurnos.InterfazDb.AbrirTurno(Int32 idUsuario, DateTime inicio) en C:\Users\Martin\Proyectos\CheckIn Turnos\db -Turnos\dbBar.cs:línea 26
   en dbTurnos_Test.InterfazDbTest.AbrirTurnoTestConUnoYaAbierto() en C:\Users\Martin\Proyectos\CheckIn Turnos\dbTurnos Test\InterfazDbTest.cs:línea 143
</StackTrace>
        </ErrorInfo>
      </Output>
    </UnitTestResult>
    <UnitTestResult executionId="f4fba0bc-b2ac-4405-a69e-cb83e7e7cec9" testId="17847006-8c7c-7180-aaae-d757e42f71ba" testName="IdentificarFallaParUsuarioContraseñaTest" computerName="MARTIN-W7" duration="00:00:00.0425904" startTime="2011-12-11T19:54:56.0287618-03:00" endTime="2011-12-11T19:54:56.0787646-03:00" testType="13cdc9d9-ddb5-4fa4-a97d-d965ccfc6d4b" outcome="Failed" testListId="8c84fa94-04c1-424b-9868-57a2d4851a1d" relativeResultsDirectory="f4fba0bc-b2ac-4405-a69e-cb83e7e7cec9">
      <Output>
        <ErrorInfo>
          <Message>El método de prueba dbTurnos_Test.InterfazDbTest.IdentificarFallaParUsuarioContraseñaTest inició la excepción System.Data.OleDb.OleDbException, pero se esperaba la excepción dbTurnos.Excepciones.ParUsuarioContraseñaIncorrectoException. Mensaje de la excepción: System.Data.OleDb.OleDbException: No se pudo encontrar el archivo 'C:\Users\Martin\Proyectos\CheckIn Turnos\TestResults\Martin_MARTIN-W7 2011-12-11 19_54_54\Out\Bar Turnos.accdb'.</Message>
          <StackTrace>    en dbTurnos.DataSQL.AutoGeneratedDataTable.Refrescar() en C:\Users\Martin\Proyectos\CheckIn Turnos\db -Turnos\AutoGeneratedDataTable.cs:línea 43
   en dbTurnos.DataSQL.AutoGeneratedDataTable..ctor(String consulta) en C:\Users\Martin\Proyectos\CheckIn Turnos\db -Turnos\AutoGeneratedDataTable.cs:línea 22
   en dbTurnos.InterfazDb.Identificar(String usuario, String contraseña) en C:\Users\Martin\Proyectos\CheckIn Turnos\db -Turnos\dbBar.cs:línea 60
   en dbTurnos_Test.InterfazDbTest.IdentificarFallaParUsuarioContraseñaTest() en C:\Users\Martin\Proyectos\CheckIn Turnos\dbTurnos Test\InterfazDbTest.cs:línea 83
</StackTrace>
        </ErrorInfo>
      </Output>
    </UnitTestResult>
    <UnitTestResult executionId="540acfa8-da7a-4240-8548-aa1147ccd2c1" testId="2d363802-f4a1-6709-a5e4-7c1da0e19126" testName="AbrirTurnoTest" computerName="MARTIN-W7" duration="00:00:00.0444003" startTime="2011-12-11T19:54:56.0807647-03:00" endTime="2011-12-11T19:54:56.1347678-03:00" testType="13cdc9d9-ddb5-4fa4-a97d-d965ccfc6d4b" outcome="Failed" testListId="8c84fa94-04c1-424b-9868-57a2d4851a1d" relativeResultsDirectory="540acfa8-da7a-4240-8548-aa1147ccd2c1">
      <Output>
        <ErrorInfo>
          <Message>El método de prueba dbTurnos_Test.InterfazDbTest.AbrirTurnoTest produjo la excepción: 
System.Data.OleDb.OleDbException: No se pudo encontrar el archivo 'C:\Users\Martin\Proyectos\CheckIn Turnos\TestResults\Martin_MARTIN-W7 2011-12-11 19_54_54\Out\Bar Turnos.accdb'.</Message>
          <StackTrace>    en dbTurnos.DataSQL.AutoGeneratedDataTable.Refrescar() en C:\Users\Martin\Proyectos\CheckIn Turnos\db -Turnos\AutoGeneratedDataTable.cs:línea 43
   en dbTurnos.DataSQL.AutoGeneratedDataTable..ctor(String consulta) en C:\Users\Martin\Proyectos\CheckIn Turnos\db -Turnos\AutoGeneratedDataTable.cs:línea 22
   en dbTurnos_Test.InterfazDbTest.AbrirTurnoTest() en C:\Users\Martin\Proyectos\CheckIn Turnos\dbTurnos Test\InterfazDbTest.cs:línea 113
</StackTrace>
        </ErrorInfo>
      </Output>
    </UnitTestResult>
    <UnitTestResult executionId="67692a3e-ebe8-42ff-b94f-a14f4f79d174" testId="5fecd3b2-f296-46a9-3876-9fa64c10c32c" testName="IdentificarTest" computerName="MARTIN-W7" duration="00:00:00.0423034" startTime="2011-12-11T19:54:56.1417682-03:00" endTime="2011-12-11T19:54:56.1887709-03:00" testType="13cdc9d9-ddb5-4fa4-a97d-d965ccfc6d4b" outcome="Failed" testListId="8c84fa94-04c1-424b-9868-57a2d4851a1d" relativeResultsDirectory="67692a3e-ebe8-42ff-b94f-a14f4f79d174">
      <Output>
        <ErrorInfo>
          <Message>El método de prueba dbTurnos_Test.InterfazDbTest.IdentificarTest produjo la excepción: 
System.Data.OleDb.OleDbException: No se pudo encontrar el archivo 'C:\Users\Martin\Proyectos\CheckIn Turnos\TestResults\Martin_MARTIN-W7 2011-12-11 19_54_54\Out\Bar Turnos.accdb'.</Message>
          <StackTrace>    en dbTurnos.DataSQL.AutoGeneratedDataTable.Refrescar() en C:\Users\Martin\Proyectos\CheckIn Turnos\db -Turnos\AutoGeneratedDataTable.cs:línea 43
   en dbTurnos.DataSQL.AutoGeneratedDataTable..ctor(String consulta) en C:\Users\Martin\Proyectos\CheckIn Turnos\db -Turnos\AutoGeneratedDataTable.cs:línea 22
   en dbTurnos.InterfazDb.Identificar(String usuario, String contraseña) en C:\Users\Martin\Proyectos\CheckIn Turnos\db -Turnos\dbBar.cs:línea 60
   en dbTurnos_Test.InterfazDbTest.IdentificarTest() en C:\Users\Martin\Proyectos\CheckIn Turnos\dbTurnos Test\InterfazDbTest.cs:línea 71
</StackTrace>
        </ErrorInfo>
      </Output>
    </UnitTestResult>
    <UnitTestResult executionId="4b16b10b-2262-4f3b-bf99-841cf5f158fd" testId="768c2340-e2d3-8168-2e0d-e1eb9fbd10ff" testName="CerrarTurnoTest" computerName="MARTIN-W7" duration="00:00:00.0432872" startTime="2011-12-11T19:54:56.1907710-03:00" endTime="2011-12-11T19:54:56.2407739-03:00" testType="13cdc9d9-ddb5-4fa4-a97d-d965ccfc6d4b" outcome="Failed" testListId="8c84fa94-04c1-424b-9868-57a2d4851a1d" relativeResultsDirectory="4b16b10b-2262-4f3b-bf99-841cf5f158fd">
      <Output>
        <ErrorInfo>
          <Message>El método de prueba dbTurnos_Test.InterfazDbTest.CerrarTurnoTest produjo la excepción: 
System.Data.OleDb.OleDbException: No se pudo encontrar el archivo 'C:\Users\Martin\Proyectos\CheckIn Turnos\TestResults\Martin_MARTIN-W7 2011-12-11 19_54_54\Out\Bar Turnos.accdb'.</Message>
          <StackTrace>    en dbTurnos.DataSQL.AutoGeneratedDataTable.Refrescar() en C:\Users\Martin\Proyectos\CheckIn Turnos\db -Turnos\AutoGeneratedDataTable.cs:línea 43
   en dbTurnos.DataSQL.AutoGeneratedDataTable..ctor(String consulta) en C:\Users\Martin\Proyectos\CheckIn Turnos\db -Turnos\AutoGeneratedDataTable.cs:línea 22
   en dbTurnos_Test.InterfazDbTest.CerrarTurnoTest() en C:\Users\Martin\Proyectos\CheckIn Turnos\dbTurnos Test\InterfazDbTest.cs:línea 127
</StackTrace>
        </ErrorInfo>
      </Output>
    </UnitTestResult>
    <UnitTestResult executionId="2bef928a-2817-4e1c-881c-4dedc9b242aa" testId="dfee3c4b-9899-f49f-6f29-1050e756db1a" testName="CerrarTurnoTestConFechaPreviaAFechaApertura" computerName="MARTIN-W7" duration="00:00:00.0447121" startTime="2011-12-11T19:54:56.2447741-03:00" endTime="2011-12-11T19:54:56.2947770-03:00" testType="13cdc9d9-ddb5-4fa4-a97d-d965ccfc6d4b" outcome="Failed" testListId="8c84fa94-04c1-424b-9868-57a2d4851a1d" relativeResultsDirectory="2bef928a-2817-4e1c-881c-4dedc9b242aa">
      <Output>
        <ErrorInfo>
          <Message>El método de prueba dbTurnos_Test.InterfazDbTest.CerrarTurnoTestConFechaPreviaAFechaApertura inició la excepción System.Data.OleDb.OleDbException, pero se esperaba la excepción dbTurnos.Excepciones.InicioTurnoMayorQueFinException. Mensaje de la excepción: System.Data.OleDb.OleDbException: No se pudo encontrar el archivo 'C:\Users\Martin\Proyectos\CheckIn Turnos\TestResults\Martin_MARTIN-W7 2011-12-11 19_54_54\Out\Bar Turnos.accdb'.</Message>
          <StackTrace>    en dbTurnos.DataSQL.AutoGeneratedDataTable.Refrescar() en C:\Users\Martin\Proyectos\CheckIn Turnos\db -Turnos\AutoGeneratedDataTable.cs:línea 43
   en dbTurnos.DataSQL.AutoGeneratedDataTable..ctor(String consulta) en C:\Users\Martin\Proyectos\CheckIn Turnos\db -Turnos\AutoGeneratedDataTable.cs:línea 22
   en dbTurnos.InterfazDb.AbrirTurno(Int32 idUsuario, DateTime inicio) en C:\Users\Martin\Proyectos\CheckIn Turnos\db -Turnos\dbBar.cs:línea 26
   en dbTurnos_Test.InterfazDbTest.CerrarTurnoTestConFechaPreviaAFechaApertura() en C:\Users\Martin\Proyectos\CheckIn Turnos\dbTurnos Test\InterfazDbTest.cs:línea 165
</StackTrace>
        </ErrorInfo>
      </Output>
    </UnitTestResult>
    <UnitTestResult executionId="d8c28759-633b-483a-ae4d-5e7edf9c1ada" testId="eec8d396-a7a0-156d-8edc-4e9e8f3084c5" testName="CerrarTurnoTestSinTurnoAbierto" computerName="MARTIN-W7" duration="00:00:00.0442069" startTime="2011-12-11T19:54:56.2957770-03:00" endTime="2011-12-11T19:54:56.3487801-03:00" testType="13cdc9d9-ddb5-4fa4-a97d-d965ccfc6d4b" outcome="Failed" testListId="8c84fa94-04c1-424b-9868-57a2d4851a1d" relativeResultsDirectory="d8c28759-633b-483a-ae4d-5e7edf9c1ada">
      <Output>
        <ErrorInfo>
          <Message>El método de prueba dbTurnos_Test.InterfazDbTest.CerrarTurnoTestSinTurnoAbierto inició la excepción System.Data.OleDb.OleDbException, pero se esperaba la excepción dbTurnos.Excepciones.NoHayTurnoAbiertoException. Mensaje de la excepción: System.Data.OleDb.OleDbException: No se pudo encontrar el archivo 'C:\Users\Martin\Proyectos\CheckIn Turnos\TestResults\Martin_MARTIN-W7 2011-12-11 19_54_54\Out\Bar Turnos.accdb'.</Message>
          <StackTrace>    en dbTurnos.DataSQL.AutoGeneratedDataTable.Refrescar() en C:\Users\Martin\Proyectos\CheckIn Turnos\db -Turnos\AutoGeneratedDataTable.cs:línea 43
   en dbTurnos.DataSQL.AutoGeneratedDataTable..ctor(String consulta) en C:\Users\Martin\Proyectos\CheckIn Turnos\db -Turnos\AutoGeneratedDataTable.cs:línea 22
   en dbTurnos.InterfazDb.CerrarTurno(Int32 idUsuario, DateTime fin) en C:\Users\Martin\Proyectos\CheckIn Turnos\db -Turnos\dbBar.cs:línea 36
   en dbTurnos_Test.InterfazDbTest.CerrarTurnoTestSinTurnoAbierto() en C:\Users\Martin\Proyectos\CheckIn Turnos\dbTurnos Test\InterfazDbTest.cs:línea 154
</StackTrace>
        </ErrorInfo>
      </Output>
    </UnitTestResult>
  </Results>
</TestRun>